0x00000000802000b8 dfs_device_fs_mount
0x00000000802000e8 dfs_device_fs_statfs
0x0000000080200140 dfs_device_fs_ioctl
0x000000008020020c dfs_device_fs_read
0x00000000802002e4 dfs_device_fs_write
0x00000000802003bc dfs_device_fs_close
0x00000000802004f8 dfs_device_fs_open
0x00000000802007d0 dfs_device_fs_unlink
0x0000000080200834 dfs_device_fs_stat
0x00000000802009c4 dfs_device_fs_getdents
0x0000000080200b46 dfs_device_fs_poll
0x0000000080200b78 devfs_init
0x0000000080200bac elm_result_to_dfs
0x0000000080200c48 get_disk
0x0000000080200cae dfs_elm_mount
0x0000000080200e80 dfs_elm_unmount
0x0000000080200f68 dfs_elm_mkfs
0x0000000080201158 dfs_elm_statfs
0x0000000080201276 dfs_elm_open
0x0000000080201570 dfs_elm_close
0x0000000080201682 dfs_elm_ioctl
0x0000000080201796 dfs_elm_read
0x0000000080201856 dfs_elm_write
0x0000000080201928 dfs_elm_flush
0x0000000080201994 dfs_elm_lseek
0x0000000080201aba dfs_elm_getdents
0x0000000080201c68 dfs_elm_unlink
0x0000000080201d0c dfs_elm_rename
0x0000000080201dc0 dfs_elm_stat
0x0000000080202090 elm_init
0x00000000802020c4 disk_initialize
0x00000000802020ee disk_status
0x0000000080202118 disk_read
0x000000008020219e disk_write
0x0000000080202224 disk_ioctl
0x0000000080202386 get_fattime
0x0000000080202442 ff_cre_syncobj
0x00000000802024b6 ff_del_syncobj
0x00000000802024f0 ff_req_grant
0x0000000080202532 ff_rel_grant
0x0000000080202564 ff_memalloc
0x000000008020259c ff_memfree
0x00000000802025ce ld_word
0x0000000080202634 ld_dword
0x00000000802026c4 st_word
0x000000008020272c st_dword
0x00000000802027dc dbc_1st
0x0000000080202814 dbc_2nd
0x000000008020284c tchar2uni
0x0000000080202926 put_utf
0x0000000080202a00 lock_fs
0x0000000080202a38 unlock_fs
0x0000000080202aa4 sync_window
0x0000000080202b6a move_window
0x0000000080202c00 sync_fs
0x0000000080202d4c clst2sect
0x0000000080202dba get_fat
0x0000000080202fe6 put_fat
0x000000008020331a remove_chain
0x000000008020346e create_chain
0x0000000080203730 clmt_clust
0x00000000802037ee dir_clear
0x00000000802039c8 dir_sdi
0x0000000080203b72 dir_next
0x0000000080203d54 dir_alloc
0x0000000080203e3e ld_clust
0x0000000080203eb4 st_clust
0x0000000080203f2a cmp_lfn
0x0000000080204090 pick_lfn
0x00000000802041e0 put_lfn
0x000000008020432c gen_numname
0x000000008020455e sum_sfn
0x00000000802045d4 dir_read
0x00000000802047ec dir_find
0x0000000080204a32 dir_register
0x0000000080204d4a dir_remove
0x0000000080204e34 get_fileinfo
0x00000000802051d4 create_name
0x00000000802057d4 follow_path
0x0000000080205934 get_ldnumber
0x0000000080205a38 check_fs
0x0000000080205c40 find_volume
0x0000000080205d7c mount_volume
0x00000000802063b0 validate
0x000000008020647a f_mount
0x0000000080206588 f_open
0x0000000080206a28 f_read
0x0000000080206ea0 f_write
0x00000000802073b8 f_sync
0x000000008020755a f_close
0x00000000802075d0 f_lseek
0x0000000080207d06 f_opendir
0x0000000080207e62 f_closedir
0x0000000080207ec2 f_readdir
0x0000000080207fc6 f_seekdir
0x0000000080208054 f_stat
0x0000000080208134 f_getfree
0x000000008020836e f_truncate
0x000000008020857c f_unlink
0x0000000080208744 f_mkdir
0x00000000802089d0 f_rename
0x0000000080208cc2 create_partition
0x000000008020907a f_mkfs
0x0000000080209e28 elm_get_vol
0x0000000080209e8e ff_uni2oem
0x0000000080209f5c ff_oem2uni
0x0000000080209ff2 ff_wtoupper
0x000000008020a1d4 dfs_romfs_mount
0x000000008020a220 dfs_romfs_unmount
0x000000008020a248 dfs_romfs_ioctl
0x000000008020a2ea check_dirent
0x000000008020a33a dfs_romfs_lookup
0x000000008020a58a dfs_romfs_read
0x000000008020a66a dfs_romfs_lseek
0x000000008020a6ba dfs_romfs_close
0x000000008020a728 dfs_romfs_open
0x000000008020a89a dfs_romfs_stat
0x000000008020a962 dfs_romfs_getdents
0x000000008020ab14 dfs_romfs_init
0x000000008020ab48 rt_list_init
0x000000008020ab84 rt_list_insert_after
0x000000008020abda rt_list_remove
0x000000008020ac32 _path_separate
0x000000008020ad82 _get_subdir
0x000000008020ae20 _free_subdir
0x000000008020af26 dfs_tmpfs_mount
0x000000008020afd2 dfs_tmpfs_unmount
0x000000008020b042 dfs_tmpfs_statfs
0x000000008020b0ea dfs_tmpfs_ioctl
0x000000008020b1d0 dfs_tmpfs_lookup
0x000000008020b36a dfs_tmpfs_read
0x000000008020b43a dfs_tmpfs_write
0x000000008020b596 dfs_tmpfs_lseek
0x000000008020b5e8 dfs_tmpfs_close
0x000000008020b656 dfs_tmpfs_open
0x000000008020b92a dfs_tmpfs_stat
0x000000008020b9f2 dfs_tmpfs_getdents
0x000000008020bb8e dfs_tmpfs_unlink
0x000000008020bc38 dfs_tmpfs_rename
0x000000008020bd74 dfs_tmpfs_init
0x000000008020bda8 dfs_init
0x000000008020beda dfs_lock
0x000000008020bf42 dfs_file_lock
0x000000008020bfaa dfs_unlock
0x000000008020bfdc dfs_file_unlock
0x000000008020c00e fd_slot_expand
0x000000008020c100 fd_slot_alloc
0x000000008020c1b0 fd_alloc
0x000000008020c252 fdt_fd_new
0x000000008020c2c6 fd_new
0x000000008020c302 fdt_fd_get
0x000000008020c398 fd_get
0x000000008020c3dc fdt_fd_release
0x000000008020c50e fd_release
0x000000008020c550 sys_dup
0x000000008020c622 fd_is_open
0x000000008020c764 sys_dup2
0x000000008020c8de fd_get_fd_index_form_fdt
0x000000008020c96e fd_get_fd_index
0x000000008020c9ae fd_associate
0x000000008020ca6c fd_init
0x000000008020cac4 dfs_subdir
0x000000008020cb52 dfs_normalize_path
0x000000008020cebc dfs_fdtable_get
0x000000008020cf14 dfs_fdtable_get_pid
0x000000008020cf6c dfs_fdtable_get_global
0x000000008020cf96 list_fd
0x000000008020d188 lsofp
0x000000008020d42a lsof
0x000000008020d55c rt_list_init
0x000000008020d598 rt_list_insert_after
0x000000008020d5ee rt_list_remove
0x000000008020d646 dfs_fm_lock
0x000000008020d67a dfs_fm_unlock
0x000000008020d6ac dfs_vnode_mgr_init
0x000000008020d728 bkdr_hash
0x000000008020d79a dfs_vnode_find
0x000000008020d862 dfs_file_is_open
0x000000008020d8d4 dfs_file_open
0x000000008020dbac dfs_file_close
0x000000008020dca4 dfs_file_ioctl
0x000000008020ddb2 dfs_file_read
0x000000008020de48 dfs_file_getdents
0x000000008020decc dfs_file_unlink
0x000000008020dfe2 dfs_file_write
0x000000008020e04a dfs_file_flush
0x000000008020e0a2 dfs_file_lseek
0x000000008020e11e dfs_file_stat
0x000000008020e2c8 dfs_file_rename
0x000000008020e42e dfs_file_ftruncate
0x000000008020e4c4 dfs_file_mmap2
0x000000008020e598 ls
0x000000008020e72c rm
0x000000008020e774 cat
0x000000008020e84e copyfile
0x000000008020e99e copydir
0x000000008020eb52 _get_path_lastname
0x000000008020eba6 copy
0x000000008020ed76 dfs_register
0x000000008020ee6e dfs_filesystem_lookup
0x000000008020ef96 dfs_filesystem_get_mounted_path
0x000000008020f01e dfs_filesystem_get_partition
0x000000008020f260 dfs_mount
0x000000008020f542 dfs_unmount
0x000000008020f65c dfs_mkfs
0x000000008020f7f8 dfs_statfs
0x000000008020f862 mkfs
0x000000008020f89c df
0x000000008020f9fc open
0x000000008020faa6 openat
0x000000008020fb9e creat
0x000000008020fbe2 close
0x000000008020fc5e read
0x000000008020fce2 write
0x000000008020fd66 lseek
0x000000008020fe60 rename
0x000000008020feba unlink
0x000000008020ff0c stat
0x000000008020ff68 fstat
0x000000008020ffca fsync
0x0000000080210026 fcntl
0x00000000802100e6 ioctl
0x0000000080210164 ftruncate
0x00000000802101f0 statfs
0x000000008021024c fstatfs
0x00000000802102ae mkdir
0x000000008021035c rmdir
0x00000000802103ae opendir
0x0000000080210484 readdir
0x0000000080210580 telldir
0x00000000802105ec seekdir
0x0000000080210660 rewinddir
0x00000000802106ce closedir
0x0000000080210754 chdir
0x0000000080210822 access
0x000000008021086c setcwd
0x00000000802108a6 getcwd
0x0000000080210902 clock_cpu_getres
0x0000000080210950 clock_cpu_gettime
0x000000008021099e clock_cpu_settimeout
0x0000000080210a04 clock_cpu_issettimeout
0x0000000080210a4c clock_cpu_microsecond
0x0000000080210a96 clock_cpu_millisecond
0x0000000080210ae2 clock_cpu_setops
0x0000000080210b62 riscv_cputime_getres
0x0000000080210bb4 riscv_cputime_gettime
0x0000000080210be2 riscv_cputime_init
0x0000000080210c16 rt_list_init
0x0000000080210c52 rt_list_insert_after
0x0000000080210ca8 rt_list_remove
0x0000000080210d00 _cputime_sleep_timeout
0x0000000080210d3a _cputime_timeout_callback
0x0000000080210df2 _set_next_timeout
0x0000000080210eda rt_cputimer_init
0x0000000080210fee rt_cputimer_delete
0x0000000080211090 rt_cputimer_start
0x00000000802111ca rt_cputimer_stop
0x0000000080211288 rt_cputimer_control
0x0000000080211432 rt_cputimer_detach
0x00000000802114e2 rt_cputime_sleep
0x00000000802115a0 rt_cputime_ndelay
0x00000000802115f2 rt_cputime_udelay
0x0000000080211630 rt_cputime_mdelay
0x0000000080211672 rt_list_init
0x00000000802116ae rt_list_insert_before
0x0000000080211704 rt_list_isempty
0x0000000080211742 rt_completion_init
0x00000000802117ac rt_completion_wait
0x00000000802119f2 rt_completion_done
0x0000000080211a96 rt_list_init
0x0000000080211ad2 rt_list_insert_before
0x0000000080211b28 rt_list_isempty
0x0000000080211b66 rt_data_queue_init
0x0000000080211c8e rt_data_queue_push
0x0000000080212014 rt_data_queue_pop
0x0000000080212406 rt_data_queue_peek
0x00000000802124f0 rt_data_queue_reset
0x0000000080212644 rt_data_queue_deinit
0x00000000802126e6 rt_data_queue_len
0x0000000080212826 rt_list_init
0x0000000080212862 rt_list_isempty
0x00000000802128a0 rt_wqueue_init
0x00000000802128fc rt_poll_add
0x000000008021294e pipe_fops_open
0x0000000080212a0e pipe_fops_close
0x0000000080212b06 pipe_fops_ioctl
0x0000000080212bc8 pipe_fops_read
0x0000000080212ccc pipe_fops_write
0x0000000080212e24 pipe_fops_poll
0x0000000080212f30 rt_pipe_open
0x0000000080212fca rt_pipe_close
0x000000008021303a rt_pipe_read
0x000000008021311e rt_pipe_write
0x0000000080213202 rt_pipe_control
0x0000000080213234 rt_pipe_create
0x000000008021339a rt_pipe_delete
0x0000000080213454 pipe
0x0000000080213580 mkfifo
0x00000000802135cc rt_slist_init
0x00000000802135fa rt_slist_insert
0x000000008021363a rt_slist_remove
0x00000000802136a8 rt_slist_first
0x00000000802136d4 rt_slist_next
0x0000000080213700 rt_slist_isempty
0x0000000080213736 rt_rbb_init
0x0000000080213890 rt_rbb_create
0x0000000080213942 rt_rbb_destroy
0x00000000802139aa find_empty_blk_in_set
0x0000000080213a50 list_append
0x0000000080213a98 list_remove
0x0000000080213b32 rt_rbb_blk_alloc
0x0000000080213e22 rt_rbb_blk_put
0x0000000080213e9c rt_rbb_blk_get
0x0000000080213f62 rt_rbb_blk_size
0x0000000080213fc2 rt_rbb_blk_buf
0x0000000080214010 rt_rbb_blk_free
0x00000000802140da rt_rbb_blk_queue_get
0x000000008021428e rt_rbb_blk_queue_len
0x0000000080214334 rt_rbb_blk_queue_buf
0x0000000080214384 rt_rbb_blk_queue_free
0x0000000080214438 rt_rbb_next_blk_queue_len
0x0000000080214552 rt_rbb_get_buf_size
0x00000000802145a0 rt_ringbuffer_status
0x0000000080214614 rt_ringbuffer_init
0x0000000080214712 rt_ringbuffer_put
0x000000008021494c rt_ringbuffer_put_force
0x0000000080214c70 rt_ringbuffer_get
0x0000000080214efc rt_ringbuffer_peek
0x000000008021507c rt_ringbuffer_putchar
0x000000008021519a rt_ringbuffer_putchar_force
0x000000008021534c rt_ringbuffer_getchar
0x0000000080215486 rt_ringbuffer_data_len
0x0000000080215532 rt_ringbuffer_reset
0x00000000802155b4 rt_ringbuffer_create
0x0000000080215656 rt_ringbuffer_destroy
0x00000000802156b2 rt_list_init
0x00000000802156ee rt_list_insert_before
0x0000000080215744 rt_list_remove
0x000000008021579c rt_list_isempty
0x00000000802157da rt_wqueue_add
0x000000008021582e rt_wqueue_remove
0x0000000080215874 __wqueue_default_wake
0x00000000802158a0 rt_wqueue_wakeup
0x0000000080215968 _rt_wqueue_wait
0x0000000080215b80 rt_wqueue_wait
0x0000000080215bd0 rt_wqueue_wait_killable
0x0000000080215c20 rt_wqueue_wait_interruptible
0x0000000080215c70 rt_list_init
0x0000000080215cac rt_list_insert_after
0x0000000080215d02 rt_list_remove
0x0000000080215d5a rt_list_isempty
0x0000000080215d98 _workqueue_work_completion
0x0000000080215e0c _workqueue_thread_entry
0x0000000080215ef0 _workqueue_submit_work
0x0000000080216092 _workqueue_cancel_work
0x000000008021615a _delayed_work_timeout_handler
0x0000000080216264 rt_work_init
0x0000000080216308 rt_workqueue_create
0x00000000802163dc rt_workqueue_destroy
0x0000000080216450 rt_workqueue_dowork
0x00000000802164ca rt_workqueue_submit_work
0x000000008021657a rt_workqueue_urgent_work
0x0000000080216644 rt_workqueue_cancel_work
0x00000000802166bc rt_workqueue_cancel_work_sync
0x0000000080216754 rt_workqueue_cancel_all_work
0x00000000802167f4 rt_work_submit
0x0000000080216840 rt_work_urgent
0x0000000080216880 rt_work_cancel
0x00000000802168c0 rt_work_sys_workqueue_init
0x0000000080216938 _pin_read
0x00000000802169d6 _pin_write
0x0000000080216a72 _pin_control
0x0000000080216b00 rt_device_pin_register
0x0000000080216b98 rt_pin_attach_irq
0x0000000080216c2e rt_pin_detach_irq
0x0000000080216caa rt_pin_irq_enable
0x0000000080216d32 rt_pin_mode
0x0000000080216da6 rt_pin_write
0x0000000080216e1a rt_pin_read
0x0000000080216e84 rt_pin_get
0x0000000080216f20 _pin_cmd_conv
0x0000000080216ffa _pin_cmd_print_usage
0x0000000080217080 _pin_cmd_get
0x0000000080217112 _pin_cmd_mode
0x0000000080217270 _pin_cmd_read
0x000000008021734c _pin_cmd_write
0x0000000080217474 _pin_cmd
0x0000000080217564 bus_fops_open
0x000000008021758c bus_fops_close
0x00000000802175b4 rt_device_bus_create
0x0000000080217638 rt_device_bus_destroy
0x000000008021767e null_read
0x00000000802176b2 null_write
0x00000000802176e8 null_control
0x000000008021771a null_device_init
0x00000000802177c6 calc_random
0x000000008021782e random_read
0x000000008021788c random_write
0x00000000802178e2 random_control
0x0000000080217914 random_device_init
0x00000000802179c0 calc_urandom
0x0000000080217a28 random_uread
0x0000000080217a86 random_uwrite
0x0000000080217adc random_ucontrol
0x0000000080217b0e urandom_device_init
0x0000000080217bba zero_read
0x0000000080217c02 zero_write
0x0000000080217c38 zero_control
0x0000000080217c6a zero_device_init
0x0000000080217d16 rt_rtc_init
0x0000000080217d80 rt_rtc_open
0x0000000080217dae rt_rtc_close
0x0000000080217dd6 rt_rtc_control
0x0000000080217f4c rt_hw_rtc_register
0x0000000080217ff2 set_date
0x000000008021811a set_time
0x0000000080218234 set_timestamp
0x00000000802182ae get_timestamp
0x0000000080218326 date
0x00000000802185fc rt_poll_add
0x000000008021864e serial_fops_rx_ind
0x000000008021868e serial_fops_open
0x00000000802187ba serial_fops_close
0x0000000080218804 serial_fops_ioctl
0x00000000802188fe serial_fops_read
0x00000000802189be serial_fops_write
0x0000000080218a12 serial_fops_poll
0x0000000080218b20 _serial_poll_rx
0x0000000080218c02 _serial_poll_tx
0x0000000080218cd4 _serial_int_rx
0x0000000080218e3a _serial_int_tx
0x0000000080218f64 _serial_check_buffer_size
0x0000000080218fc6 _serial_fifo_calc_recved_len
0x00000000802190b6 rt_dma_calc_recved_len
0x00000000802190ea rt_dma_recv_update_get_index
0x00000000802191e8 rt_dma_recv_update_put_index
0x0000000080219386 _serial_dma_rx
0x00000000802195f4 _serial_dma_tx
0x00000000802196ae rt_serial_init
0x000000008021974e rt_serial_open
0x0000000080219c66 rt_serial_close
0x0000000080219f3c rt_serial_read
0x000000008021a00c rt_serial_write
0x000000008021a0e2 rt_serial_control
0x000000008021a5b2 rt_hw_serial_register
0x000000008021a66c rt_hw_serial_isr
0x000000008021aa30 console_rx_notify
0x000000008021ab3e console_tty_get
0x000000008021ab68 iodev_close
0x000000008021abbe iodev_open
0x000000008021ac54 console_get_iodev
0x000000008021aca6 console_set_iodev
0x000000008021adc0 rt_console_init
0x000000008021ae78 rt_console_open
0x000000008021af20 rt_console_close
0x000000008021afa4 rt_console_read
0x000000008021afde rt_console_write
0x000000008021b08c rt_console_control
0x000000008021b138 console_register
0x000000008021b258 rt_poll_add
0x000000008021b2aa wait_queue_get
0x000000008021b2ec wait_queue_current_get
0x000000008021b328 tty_wakeup_check
0x000000008021b376 set_bit
0x000000008021b416 clear_bit
0x000000008021b4bc test_bit
0x000000008021b528 __ffs
0x000000008021b5de find_next_bit
0x000000008021b750 tty_sigaddset
0x000000008021b7a4 read_cnt
0x000000008021b7de read_buf
0x000000008021b81e read_buf_addr
0x000000008021b860 echo_buf
0x000000008021b8a0 echo_buf_addr
0x000000008021b8e2 put_tty_queue
0x000000008021b93c reset_buffer_flags
0x000000008021ba10 add_echo_byte
0x000000008021ba64 echo_move_back_col
0x000000008021baa6 echo_set_canon_col
0x000000008021bae8 echo_erase_tab
0x000000008021bb68 echo_char_raw
0x000000008021bbd0 echo_char
0x000000008021bc7e finish_erasing
0x000000008021bcda is_utf8_continuation
0x000000008021bd22 is_continuation
0x000000008021bd78 eraser
0x000000008021c1ba __isig
0x000000008021c2c4 isig
0x000000008021c36c do_output_char
0x000000008021c600 process_output
0x000000008021c658 process_output_block
0x000000008021c84e __process_echoes
0x000000008021cb90 commit_echoes
0x000000008021cc48 process_echoes
0x000000008021cca8 flush_echoes
0x000000008021cd22 n_tty_set_termios
0x000000008021d216 console_ldata_init
0x000000008021d2d2 n_tty_open
0x000000008021d434 input_available_p
0x000000008021d504 copy_from_read_buf
0x000000008021d672 canon_copy_from_read_buf
0x000000008021d956 n_tty_close
0x000000008021d9fe n_tty_ioctl
0x000000008021dafc n_tty_receive_signal_char
0x000000008021db70 n_tty_receive_char_special
0x000000008021e05c n_tty_receive_char_inline
0x000000008021e116 n_tty_receive_char
0x000000008021e154 n_tty_receive_char_lnext
0x000000008021e212 n_tty_receive_buf_real_raw
0x000000008021e348 n_tty_receive_buf_raw
0x000000008021e3c2 n_tty_receive_buf_standard
0x000000008021e510 n_tty_receive_char_fast
0x000000008021e59e n_tty_receive_buf_fast
0x000000008021e678 __receive_buf
0x000000008021e7ea n_tty_receive_buf
0x000000008021e99e job_control
0x000000008021e9d4 n_tty_read
0x000000008021eb70 n_tty_write
0x000000008021ed62 n_tty_flush
0x000000008021ed8a n_tty_lseek
0x000000008021edb6 n_tty_getdents
0x000000008021ede8 n_tty_poll
0x000000008021eeda wait_queue_get
0x000000008021ef1c find_freepts
0x000000008021efae pty_set_lock
0x000000008021f006 pty_get_lock
0x000000008021f040 pty_get_index
0x000000008021f07a pty_device_init
0x000000008021f120 pty_device_open
0x000000008021f154 pty_device_close
0x000000008021f18a pty_device_read
0x000000008021f1c4 pty_device_write
0x000000008021f2a8 pty_device_control
0x000000008021f36a ptmx_open
0x000000008021f51e pts_register
0x000000008021f698 ptmx_register
0x000000008021f7a6 rt_list_init
0x000000008021f7e2 rt_wqueue_init
0x000000008021f83e tty_initstack
0x000000008021f876 _tty_node_alloc
0x000000008021f8d2 _tty_node_free
0x000000008021f916 tty_push
0x000000008021f978 tty_pop
0x000000008021fa5c tty_sigismember
0x000000008021faaa is_ignored
0x000000008021fb12 __tty_check_change
0x000000008021fc22 tty_check_change
0x000000008021fc58 tty_open
0x000000008021fdb8 tty_close
0x000000008021fe46 tiocsctty
0x000000008021ff58 tty_ioctl
0x0000000080220052 tty_read
0x00000000802200f6 tty_write
0x000000008022019a tty_poll
0x0000000080220230 tty_get_fops
0x000000008022025a tty_init
0x0000000080220380 set_termios
0x000000008022045a n_tty_ioctl_extend
0x00000000802205aa get_ldops
0x0000000080220624 put_ldops
0x0000000080220678 tty_ldisc_get
0x0000000080220746 tty_ldisc_put
0x000000008022078a tty_ldisc_close
0x00000000802207d6 tty_ldisc_kill
0x0000000080220838 tty_register_ldisc
0x00000000802208cc tty_ldisc_release
0x000000008022092e tty_ldisc_init
0x0000000080220972 rt_hw_dsb
0x0000000080220998 _virtio_dev_check
0x00000000802209fc virtio_reset_device
0x0000000080220a38 virtio_status_acknowledge_driver
0x0000000080220a80 virtio_status_driver_ok
0x0000000080220ac8 virtio_interrupt_ack
0x0000000080220b1a virtio_has_feature
0x0000000080220b72 virtio_queues_alloc
0x0000000080220bda virtio_queues_free
0x0000000080220c20 virtio_queue_init
0x0000000080220e54 virtio_queue_destroy
0x0000000080220f5e virtio_queue_notify
0x0000000080220fa2 virtio_submit_chain
0x000000008022104a virtio_alloc_desc
0x0000000080221134 virtio_free_desc
0x0000000080221246 virtio_alloc_desc_chain
0x000000008022136c virtio_free_desc_chain
0x000000008022141a virtio_fill_desc
0x00000000802214c6 rt_hw_dsb
0x00000000802214ec virtio_blk_rw
0x0000000080221770 virtio_blk_read
0x00000000802217c0 virtio_blk_write
0x0000000080221810 virtio_blk_control
0x0000000080221900 virtio_blk_isr
0x0000000080221a06 rt_virtio_blk_init
0x0000000080221b70 rt_list_init
0x0000000080221bac rt_list_insert_after
0x0000000080221c02 rt_list_remove
0x0000000080221c5a rt_hw_dsb
0x0000000080221c80 virtio_console_send_ctrl
0x0000000080221d6e virtio_console_port_create
0x0000000080221fde virtio_console_port_destroy
0x000000008022205e virtio_console_port_init
0x000000008022227c virtio_console_port_open
0x00000000802222e4 virtio_console_port_close
0x000000008022233e virtio_console_port_read
0x00000000802224d2 virtio_console_port_write
0x000000008022265a virtio_console_port_control
0x000000008022274e virtio_console_init
0x0000000080222928 virtio_console_control
0x0000000080222992 virtio_console_isr
0x0000000080222cca rt_virtio_console_init
0x0000000080222fc6 rt_hw_dsb
0x0000000080222fec virtio_net_tx
0x000000008022324a virtio_net_rx
0x0000000080223414 virtio_net_init
0x00000000802235d0 virtio_net_control
0x000000008022364c virtio_net_isr
0x00000000802236ce rt_virtio_net_init
0x0000000080223872 rt_list_isempty
0x00000000802238f6 clear
0x000000008022392a version
0x0000000080223956 object_split
0x00000000802239a0 list_find_init
0x0000000080223a28 list_get_next
0x0000000080223b56 list_thread
0x0000000080223e0a show_wait_queue
0x0000000080223e92 list_sem
0x0000000080224046 list_event
0x00000000802241dc list_mutex
0x00000000802243d2 list_mailbox
0x00000000802245ac list_msgqueue
0x0000000080224760 list_mempool
0x000000008022492c list_timer
0x0000000080224ac6 list_device
0x0000000080224c48 cmd_list
0x0000000080224eb0 msh_help
0x0000000080224f42 cmd_ps
0x0000000080224f78 cmd_free
0x000000008022501c msh_split
0x0000000080225276 msh_get_cmd
0x0000000080225312 _msh_exec_cmd
0x0000000080225444 _msh_lwp_cmd_exists
0x00000000802254a0 _msh_exec_search_path
0x00000000802255fa _msh_exec_search_env
0x00000000802256f8 _msh_exec_lwp
0x0000000080225850 msh_exec
0x000000008022595c str_common
0x00000000802259da msh_auto_complete_path
0x0000000080225d58 msh_auto_complete
0x0000000080225ec2 msh_readline
0x0000000080225fd8 msh_exec_script
0x000000008022621c cmd_ls
0x0000000080226278 cmd_cp
0x00000000802262ea cmd_mv
0x00000000802264a2 cmd_cat
0x0000000080226536 directory_delete_for_msh
0x00000000802266fa cmd_rm
0x0000000080226976 cmd_cd
0x0000000080226a02 cmd_pwd
0x0000000080226a48 cmd_mkdir
0x0000000080226ab2 cmd_mkfs
0x0000000080226b92 cmd_mount
0x0000000080226d68 cmd_umount
0x0000000080226dfc cmd_df
0x0000000080226e9a cmd_echo
0x0000000080226f7e cmd_tail
0x0000000080227214 msh_isint
0x00000000802272b0 msh_ishex
0x0000000080227368 msh_strtohex
0x0000000080227418 finsh_set_prompt
0x00000000802274b0 finsh_get_prompt
0x00000000802275aa finsh_get_prompt_mode
0x000000008022760a finsh_set_prompt_mode
0x0000000080227680 finsh_getchar
0x00000000802276c8 finsh_set_echo
0x000000008022773a finsh_get_echo
0x000000008022779a shell_auto_complete
0x00000000802277f0 shell_handle_history
0x0000000080227846 shell_push_history
0x0000000080227a56 finsh_thread_entry
0x0000000080228376 finsh_system_function_init
0x00000000802283bc finsh_system_init
0x0000000080228484 toascii
0x00000000802284b6 getdelim
0x0000000080228680 getline
0x00000000802286c6 __rt_libc_exit
0x000000008022873c system
0x0000000080228782 ltoa
0x0000000080228904 itoa
0x0000000080228952 ultoa
0x0000000080228a80 utoa
0x0000000080228ace bzero
0x0000000080228b0a bcopy
0x0000000080228b4c bcmp
0x0000000080228b90 explicit_bzero
0x0000000080228be6 index
0x0000000080228c26 rindex
0x0000000080228c66 ffs
0x0000000080228cc6 ffsl
0x0000000080228d1e ffsll
0x0000000080228d76 memrchr
0x0000000080228e08 strnlen
0x0000000080228e6c strchrnul
0x0000000080228ec8 strcasecmp
0x0000000080228f64 strncasecmp
0x000000008022901c strdup
0x0000000080229074 strndup
0x00000000802290ec strtok_r
0x00000000802291f2 __isleap
0x000000008022924e num2str
0x00000000802292c0 get_timeval
0x00000000802293c4 set_timeval
0x00000000802294ba gmtime_r
0x00000000802296e8 gmtime
0x0000000080229724 localtime_r
0x0000000080229784 localtime
0x00000000802297c0 mktime
0x000000008022981c asctime_r
0x0000000080229b8c asctime
0x0000000080229bc8 ctime_r
0x0000000080229c12 ctime
0x0000000080229c4e difftime
0x0000000080229c8a time
0x0000000080229ce0 clock
0x0000000080229d12 stime
0x0000000080229d74 timegm
0x000000008022a13a gettimeofday
0x000000008022a1b2 settimeofday
0x000000008022a208 nanosleep
0x000000008022a330 _rt_clock_time_system_init
0x000000008022a424 clock_getres
0x000000008022a4c4 clock_gettime
0x000000008022a598 clock_nanosleep
0x000000008022a878 clock_settime
0x000000008022a982 rt_timespec_to_tick
0x000000008022aac6 rtthread_timer_wrapper
0x000000008022abe8 timer_id_init
0x000000008022ac4a timer_id_alloc
0x000000008022ace6 timer_id_lock
0x000000008022ad1e timer_id_unlock
0x000000008022ad54 timer_id_get
0x000000008022adf0 timer_id_put
0x000000008022ae46 timer_create
0x000000008022b06c timer_delete
0x000000008022b1b0 timer_getoverrun
0x000000008022b1e4 timer_gettime
0x000000008022b372 timer_settime
0x000000008022b6b8 tz_set
0x000000008022b700 tz_get
0x000000008022b732 tz_is_dst
0x000000008022b756 bisearch
0x000000008022b82e wcwidth
0x000000008022b9de wcswidth
0x000000008022ba66 __errno_location
0x000000008022ba92 ___errno_location
0x000000008022babe msleep
0x000000008022baf4 ssleep
0x000000008022bb36 mdelay
0x000000008022bb78 udelay
0x000000008022bbae ndelay
0x000000008022bbde sleep
0x000000008022bc3e usleep
0x000000008022bcb0 aio_cancel
0x000000008022bd34 aio_error
0x000000008022bd6a aio_fync_work
0x000000008022be02 aio_fsync
0x000000008022be8c aio_read_work
0x000000008022bf40 aio_read
0x000000008022bfd2 aio_return
0x000000008022c022 aio_suspend
0x000000008022c056 aio_write_work
0x000000008022c122 aio_write
0x000000008022c1f8 lio_listio
0x000000008022c234 aio_system_init
0x000000008022c2a0 rt_list_init
0x000000008022c2dc __wqueue_pollwake
0x000000008022c348 _poll_add
0x000000008022c3f6 poll_table_init
0x000000008022c44a poll_wait_timeout
0x000000008022c51e do_pollfd
0x000000008022c616 poll_do
0x000000008022c72e poll_teardown
0x000000008022c790 poll
0x000000008022c7fe fdszero
0x000000008022c874 select
0x000000008022cd22 libc_system_init
0x000000008022cd9c libc_stdio_set_console
0x000000008022ceb2 libc_stdio_get_console
0x000000008022cf04 isatty
0x000000008022cf64 tcgetattr
0x000000008022cfb2 tcsetattr
0x000000008022d072 tcgetsid
0x000000008022d09c cfgetospeed
0x000000008022d0d2 cfgetispeed
0x000000008022d108 cfsetospeed
0x000000008022d186 cfsetispeed
0x000000008022d1d2 tcsendbreak
0x000000008022d204 tcflush
0x000000008022d250 tcflow
0x000000008022d29c tcdrain
0x000000008022d2c6 cfmakeraw
0x000000008022d366 cfsetspeed
0x000000008022d3a6 lwp_copy_return_code_to_user_stack
0x000000008022d438 lwp_fix_sp
0x000000008022d480 rt_thread_sp_to_thread
0x000000008022d4ae get_thread_kernel_stack_top
0x000000008022d4e8 arch_get_user_sp
0x000000008022d540 arch_user_space_init
0x000000008022d5da arch_kernel_mmu_table_get
0x000000008022d604 arch_user_space_free
0x000000008022d6c4 sys_clone
0x000000008022d6f8 sys_fork
0x000000008022d724 sys_vfork
0x000000008022d750 arch_set_thread_context
0x000000008022d8aa lwp_exec_user
0x000000008022d8f2 arch_get_usp_from_uctx
0x000000008022d91e arch_elf_reloc
0x000000008022dac0 rt_list_insert_after
0x000000008022db16 rt_list_remove
0x000000008022db6e icache_invalid_all
0x000000008022db92 _lwp_v2p
0x000000008022dbd2 lwp_v2p
0x000000008022dc46 get_old_termios
0x000000008022dc70 lwp_setcwd
0x000000008022dcfe lwp_getcwd
0x000000008022dd7e lwp_set_kernel_sp
0x000000008022ddb6 lwp_get_kernel_sp
0x000000008022dde4 lwp_argscopy
0x000000008022e16e load_fread
0x000000008022e248 expand_map_range
0x000000008022e2f6 map_range_ckeck
0x000000008022e452 load_elf
0x000000008022f184 lwp_load
0x000000008022f35a lwp_cleanup
0x000000008022f406 lwp_copy_stdio_fdt
0x000000008022f4a6 _lwp_thread_entry
0x000000008022f56a lwp_self
0x000000008022f5aa lwp_execve
0x000000008022faf8 exec
0x000000008022fb6c lwp_user_setting_save
0x000000008022fbaa lwp_user_setting_restore
0x000000008022fc5c lwp_avl_rebalance
0x000000008022ff1a lwp_avl_remove
0x000000008023009a lwp_avl_insert
0x0000000080230168 lwp_avl_find
0x00000000802301d6 lwp_avl_traversal
0x0000000080230298 lwp_map_find_first
0x00000000802302e2 dbg_thread_in_debug
0x000000008023032e dbg_register
0x0000000080230362 dbg
0x00000000802303d4 dbg_get_ins
0x0000000080230422 dbg_activate_step
0x0000000080230462 dbg_deactivate_step
0x00000000802304a2 dbg_check_event
0x0000000080230500 gdb_server_channel
0x000000008023054c dbg_step_type
0x000000008023059a dbg_attach_req
0x00000000802305e2 dbg_check_suspend
0x0000000080230630 rt_list_init
0x000000008023066c rt_list_insert_before
0x00000000802306c2 rt_list_remove
0x000000008023071a rt_list_isempty
0x0000000080230758 futex_system_init
0x0000000080230796 futex_destory
0x000000008023080a futex_create
0x00000000802308e2 futex_get
0x0000000080230948 futex_wait
0x0000000080230a6c futex_wake
0x0000000080230b0c sys_futex
0x0000000080230ca8 rt_list_init
0x0000000080230ce4 rt_list_insert_before
0x0000000080230d3a rt_list_remove
0x0000000080230d92 rt_list_isempty
0x0000000080230dd0 rt_wqueue_init
0x0000000080230e2c rt_poll_add
0x0000000080230e7e _ipc_msg_alloc
0x0000000080230f22 _ipc_msg_free
0x0000000080230f66 rt_ipc_msg_init
0x0000000080230ff6 rt_channel_object_init
0x0000000080231030 rt_channel_list_resume
0x0000000080231072 rt_channel_list_resume_all
0x00000000802310de rt_channel_list_suspend
0x0000000080231136 _rt_channel_check_wq_wakup
0x000000008023119a rt_raw_channel_open
0x0000000080231346 rt_raw_channel_close
0x000000008023146e wakeup_sender_wait_recv
0x0000000080231546 wakeup_sender_wait_reply
0x00000000802315d4 sender_timeout
0x00000000802316cc _ipc_msg_get_file
0x0000000080231730 _ipc_msg_fd_new
0x00000000802317aa _rt_raw_channel_send_recv_timeout
0x0000000080231bb0 rt_raw_channel_send
0x0000000080231bf2 rt_raw_channel_send_recv
0x0000000080231c3a rt_raw_channel_send_recv_timeout
0x0000000080231c8c rt_raw_channel_reply
0x0000000080231d7e wakeup_receiver
0x0000000080231de2 receiver_timeout
0x0000000080231e5a _rt_raw_channel_recv_timeout
0x0000000080232150 rt_raw_channel_recv
0x000000008023218e rt_raw_channel_recv_timeout
0x00000000802321d6 rt_raw_channel_peek
0x0000000080232214 lwp_fd_new
0x0000000080232264 lwp_fd_get
0x00000000802322c2 lwp_fd_release
0x000000008023231e _chfd_alloc
0x000000008023236c _chfd_free
0x00000000802323cc channel_fops_poll
0x0000000080232450 channel_fops_close
0x00000000802324f4 lwp_channel_open
0x0000000080232660 fd_2_channel
0x00000000802326c8 lwp_channel_close
0x0000000080232780 lwp_channel_send
0x00000000802327e4 lwp_channel_send_recv_timeout
0x000000008023285a lwp_channel_reply
0x00000000802328be lwp_channel_recv_timeout
0x000000008023292e rt_channel_open
0x0000000080232970 rt_channel_close
0x00000000802329aa rt_channel_send
0x00000000802329ec rt_channel_send_recv_timeout
0x0000000080232a42 rt_channel_send_recv
0x0000000080232a8e rt_channel_reply
0x0000000080232ad0 rt_channel_recv_timeout
0x0000000080232b20 rt_channel_recv
0x0000000080232b64 rt_channel_peek
0x0000000080232ba8 list_channel
0x0000000080232d8e rt_list_init
0x0000000080232dca rt_list_insert_before
0x0000000080232e20 rt_list_remove
0x0000000080232e78 rt_list_isempty
0x0000000080232eb6 rt_hw_dsb
0x0000000080232edc rt_wqueue_init
0x0000000080232f38 lwp_get_pid_ary
0x0000000080232f62 lwp_pid_get
0x000000008023310a lwp_pid_put
0x000000008023319c lwp_pid_set_lwp
0x0000000080233206 __exit_files
0x000000008023328e lwp_user_object_lock_init
0x00000000802332d0 lwp_user_object_lock_destroy
0x0000000080233308 lwp_user_object_lock
0x0000000080233362 lwp_user_object_unlock
0x00000000802333ba lwp_user_object_add
0x000000008023347a _object_node_delete
0x00000000802335cc lwp_user_object_delete
0x0000000080233648 lwp_user_object_clear
0x00000000802336a8 _object_dup
0x00000000802336f6 lwp_user_object_dup
0x000000008023374e lwp_new
0x0000000080233872 lwp_free
0x0000000080233b18 lwp_ref_inc
0x0000000080233b66 lwp_ref_dec
0x0000000080233c0c lwp_from_pid
0x0000000080233c7a lwp_to_pid
0x0000000080233cb0 lwp_pid2name
0x0000000080233d28 lwp_name2pid
0x0000000080233e18 lwp_getpid
0x0000000080233e4a waitpid
0x0000000080233fce object_split
0x0000000080234018 print_thread_info
0x00000000802341a4 list_process
0x0000000080234416 cmd_kill
0x00000000802344d8 cmd_killall
0x0000000080234554 lwp_check_exit_request
0x00000000802345b0 found_thread
0x000000008023463c lwp_request_thread_exit
0x0000000080234754 lwp_terminate
0x0000000080234800 lwp_wait_subthread_exit
0x0000000080234946 _lwp_setaffinity
0x000000008023499c lwp_setaffinity
0x00000000802349fa pmutex_system_init
0x0000000080234a38 pmutex_destory
0x0000000080234ad4 pmutex_create
0x0000000080234c58 pmutex_get
0x0000000080234cbe _pthread_mutex_init
0x0000000080234e06 _pthread_mutex_lock_timeout
0x0000000080235004 _pthread_mutex_unlock
0x0000000080235130 _pthread_mutex_destroy
0x00000000802351da lwp_pmutex
0x00000000802352ec setsid
0x0000000080235392 _lwp_v2p
0x00000000802353d2 lwp_v2p
0x0000000080235446 get_shm_name
0x0000000080235474 on_shm_varea_open
0x00000000802354b6 on_shm_varea_close
0x00000000802354f8 on_shm_page_fault
0x0000000080235594 _shm_id_alloc
0x000000008023563a shm_id_free
0x000000008023568c _lwp_shmget
0x00000000802358bc lwp_shmget
0x0000000080235910 shm_id_to_node
0x00000000802359ba _lwp_shmrm
0x0000000080235a8a lwp_shmrm
0x0000000080235ace _lwp_shmat
0x0000000080235b7c lwp_shmat
0x0000000080235bd6 _lwp_shm_struct_get
0x0000000080235c50 _lwp_shm_ref_inc
0x0000000080235cb0 lwp_shm_ref_inc
0x0000000080235cf8 _lwp_shm_ref_dec
0x0000000080235d62 lwp_shm_ref_dec
0x0000000080235daa _lwp_shmdt
0x0000000080235e16 lwp_shmdt
0x0000000080235e56 _lwp_shminfo
0x0000000080235ec0 lwp_shminfo
0x0000000080235f02 _shm_info
0x0000000080235f8a list_shm
0x0000000080235fe2 rt_hw_ffz
0x0000000080236022 lwp_sigaddset
0x0000000080236076 lwp_sigdelset
0x00000000802360ce lwp_sigisemptyset
0x0000000080236104 lwp_sigismember
0x0000000080236152 next_signal
0x00000000802361d6 lwp_suspend_sigcheck
0x00000000802362ee lwp_signal_check
0x00000000802363ee lwp_signal_backup
0x00000000802365b0 lwp_signal_restore
0x00000000802366c4 _lwp_check_ignore
0x000000008023670e lwp_sighandler_get
0x00000000802367de lwp_sighandler_set
0x0000000080236876 lwp_sigaction
0x0000000080236996 sigorsets
0x00000000802369d8 sigandsets
0x0000000080236a1a lwp_sigprocmask
0x0000000080236b48 lwp_thread_sigprocmask
0x0000000080236c56 _do_signal_wakeup
0x0000000080236cee lwp_kill
0x0000000080236dda lwp_thread_kill
0x0000000080236eac rt_list_insert_after
0x0000000080236f02 kmem_get
0x0000000080236f36 kmem_put
0x0000000080236f68 convert_sockopt
0x00000000802371de sockaddr_tolwip
0x000000008023724e sockaddr_tomusl
0x00000000802372b2 _crt_thread_entry
0x0000000080237332 sys_exit
0x000000008023741c sys_exit_group
0x0000000080237446 sys_read
0x0000000080237526 sys_write
0x00000000802375fc sys_lseek
0x0000000080237680 sys_open
0x000000008023777a sys_openat
0x0000000080237878 sys_close
0x00000000802378ea sys_ioctl
0x0000000080237972 sys_fstat
0x0000000080237a2e musl2dfs_events
0x0000000080237aee dfs2musl_events
0x0000000080237ba8 sys_poll
0x0000000080237cd4 sys_select
0x0000000080237eaa sys_unlink
0x0000000080237f90 sys_nanosleep
0x000000008023807a sys_gettimeofday
0x0000000080238118 sys_settimeofday
0x0000000080238144 sys_exec
0x0000000080238196 sys_kill
0x000000008023821a sys_getpid
0x0000000080238246 sys_getpriority
0x00000000802382ba sys_setpriority
0x0000000080238352 sys_sem_create
0x00000000802383c6 sys_sem_delete
0x0000000080238402 sys_sem_take
0x0000000080238442 sys_sem_release
0x0000000080238476 sys_mutex_create
0x00000000802384e6 sys_mutex_delete
0x0000000080238522 sys_mutex_take
0x0000000080238562 sys_mutex_release
0x0000000080238596 sys_brk
0x00000000802385ca sys_mmap2
0x000000008023862c sys_munmap
0x0000000080238664 sys_mremap
0x000000008023869e sys_madvise
0x00000000802386d2 sys_event_create
0x0000000080238738 sys_event_delete
0x0000000080238774 sys_event_send
0x00000000802387b4 sys_event_recv
0x0000000080238828 sys_mb_create
0x0000000080238896 sys_mb_delete
0x00000000802388d2 sys_mb_send
0x000000008023890e sys_mb_send_wait
0x0000000080238956 sys_mb_recv
0x00000000802389b0 sys_mq_create
0x0000000080238a26 sys_mq_delete
0x0000000080238a62 sys_mq_send
0x0000000080238aba sys_mq_urgent
0x0000000080238b12 sys_mq_recv
0x0000000080238b76 timer_timeout_callback
0x0000000080238bb0 sys_rt_timer_create
0x0000000080238c32 sys_rt_timer_delete
0x0000000080238c6e sys_rt_timer_start
0x0000000080238ca2 sys_rt_timer_stop
0x0000000080238cd6 sys_rt_timer_control
0x0000000080238d1e sys_timer_create
0x0000000080238e38 sys_timer_delete
0x0000000080238ea6 sys_timer_settime
0x0000000080238f7e sys_timer_gettime
0x000000008023901e sys_timer_getoverrun
0x0000000080239090 sys_thread_create
0x000000008023922a _sys_clone
0x00000000802394d2 _sys_clone
0x0000000080239506 _copy_process
0x000000008023956e lwp_struct_copy
0x000000008023969e lwp_copy_files
0x000000008023977c _sys_fork
0x0000000080239ad8 lwp_user_strlen
0x0000000080239b62 lwp_user_strlen
0x0000000080239b8e lwp_user_strlen
0x0000000080239bba _insert_args
0x0000000080239ef2 _load_script
0x000000008023a174 load_ldso
0x000000008023a552 sys_execve
0x000000008023acb4 sys_thread_delete
0x000000008023ace8 sys_thread_startup
0x000000008023ad1c sys_thread_self
0x000000008023ad48 sys_channel_open
0x000000008023ad8a sys_channel_close
0x000000008023adc4 sys_channel_send
0x000000008023ae06 sys_channel_send_recv_timeout
0x000000008023ae5c sys_channel_reply
0x000000008023ae9e sys_channel_recv_timeout
0x000000008023aeee critical_init
0x000000008023af2e sys_enter_critical
0x000000008023af62 sys_exit_critical
0x000000008023af94 sys_log_enable
0x000000008023b00c sys_log
0x000000008023b06c sys_stat
0x000000008023b1a2 sys_notimpl
0x000000008023b1c8 sys_hw_interrupt_disable
0x000000008023b1f6 sys_hw_interrupt_enable
0x000000008023b22c sys_shmget
0x000000008023b274 sys_shmrm
0x000000008023b2ac sys_shmat
0x000000008023b2ec sys_shmdt
0x000000008023b320 sys_device_init
0x000000008023b354 sys_device_register
0x000000008023b39c sys_device_control
0x000000008023b3e4 sys_device_find
0x000000008023b418 sys_device_open
0x000000008023b458 sys_device_close
0x000000008023b48c sys_device_read
0x000000008023b4d8 sys_device_write
0x000000008023b524 sys_accept
0x000000008023b62c sys_bind
0x000000008023b6b6 sys_shutdown
0x000000008023b6fc sys_getpeername
0x000000008023b822 sys_getsockname
0x000000008023b948 sys_getsockopt
0x000000008023b9ee sys_setsockopt
0x000000008023ba96 sys_connect
0x000000008023bb5a sys_listen
0x000000008023bba0 netflags_muslc_2_lwip
0x000000008023bc46 sys_recvfrom
0x000000008023bd9e sys_recv
0x000000008023be42 sys_sendto
0x000000008023bf82 sys_send
0x000000008023c026 sys_socket
0x000000008023c136 sys_closesocket
0x000000008023c16e sys_thread_find
0x000000008023c1a2 sys_tick_get
0x000000008023c1d0 sys_thread_mdelay
0x000000008023c208 sys_sigaction
0x000000008023c3c6 sys_sigprocmask
0x000000008023c4dc sys_tkill
0x000000008023c546 sys_thread_sigprocmask
0x000000008023c656 sys_waitpid
0x000000008023c6c4 sys_getaddrinfo
0x000000008023c918 sys_gethostbyname2_r
0x000000008023cbd6 sys_getcwd
0x000000008023cc2e sys_chdir
0x000000008023ccb6 sys_mkdir
0x000000008023cd4a sys_rmdir
0x000000008023cdd2 sys_getdents
0x000000008023cfcc sys_get_errno
0x000000008023cff8 sys_set_thread_area
0x000000008023d040 sys_set_tid_address
0x000000008023d098 sys_gettid
0x000000008023d0c8 sys_access
0x000000008023d1b8 sys_pipe
0x000000008023d238 sys_clock_settime
0x000000008023d304 sys_clock_gettime
0x000000008023d3de sys_clock_nanosleep
0x000000008023d4de sys_clock_getres
0x000000008023d598 sys_rename
0x000000008023d644 sys_prlimit64
0x000000008023d680 sys_getrlimit
0x000000008023d746 sys_setrlimit
0x000000008023d776 sys_setsid
0x000000008023d7e0 sys_getrandom
0x000000008023d93c sys_readlink
0x000000008023dada sys_setaffinity
0x000000008023db94 sys_sched_setparam
0x000000008023dc40 sys_sched_getparam
0x000000008023dcee sys_sched_get_priority_max
0x000000008023dd3a sys_sched_get_priority_min
0x000000008023dd84 sys_sched_setscheduler
0x000000008023ddf8 sys_sched_getscheduler
0x000000008023de72 sys_fsync
0x000000008023dec6 sys_mq_open
0x000000008023e032 sys_mq_unlink
0x000000008023e116 sys_mq_timedsend
0x000000008023e216 sys_mq_timedreceive
0x000000008023e360 sys_mq_notify
0x000000008023e3f0 sys_mq_getsetattr
0x000000008023e536 sys_mq_close
0x000000008023e5ac sys_cacheflush
0x000000008023e64c sys_uname
0x000000008023e764 sys_statfs
0x000000008023e8c4 sys_statfs64
0x000000008023ea38 sys_fstatfs
0x000000008023eb2a sys_fstatfs64
0x000000008023ec30 sys_pmutex
0x000000008023ec78 lwp_get_sys_api
0x000000008023ecfc lwp_get_syscall_name
0x000000008023ed88 lwp_get_syscall_param_list
0x000000008023ee96 lwp_tid_get
0x000000008023f040 lwp_tid_put
0x000000008023f0d2 lwp_tid_get_thread
0x000000008023f140 lwp_tid_set_thread
0x000000008023f1aa _lwp_v2p
0x000000008023f1ea lwp_v2p
0x000000008023f25e lwp_user_space_init
0x000000008023f312 lwp_aspace_switch
0x000000008023f38c lwp_unmap_user_space
0x000000008023f3ca user_get_name
0x000000008023f460 _user_do_page_fault
0x000000008023f5ec _init_lwp_objs
0x000000008023f678 _lwp_map_user
0x000000008023f74a lwp_unmap_user
0x000000008023f792 _dup_varea
0x000000008023f884 lwp_dup_user
0x000000008023fa74 lwp_unmap_user_phy
0x000000008023fab0 lwp_map_user
0x000000008023fb66 _flags_to_attr
0x000000008023fba6 _flags_to_aspace_flag
0x000000008023fbd4 _lwp_map_user_varea
0x000000008023fcd6 _map_user_varea_ext
0x000000008023fd74 lwp_map_user_varea_ext
0x000000008023fdc0 lwp_map_user_varea
0x000000008023fe06 lwp_map_user_phy
0x000000008023ff4e lwp_brk
0x0000000080240016 lwp_mmap2
0x0000000080240126 lwp_munmap
0x000000008024016e lwp_get_from_user
0x00000000802401fe lwp_put_to_user
0x000000008024028e lwp_user_accessable
0x00000000802403c6 lwp_data_get
0x0000000080240510 lwp_data_put
0x000000008024065a util_avl_link
0x00000000802406b4 _aspace_bst_init
0x00000000802406e4 compare_overlap
0x0000000080240746 compare_exceed
0x00000000802407a8 search
0x0000000080240866 _aspace_bst_search
0x00000000802408ca _aspace_bst_search_exceed
0x00000000802409be _aspace_bst_search_overlap
0x0000000080240a16 _aspace_bst_insert
0x0000000080240ae8 _aspace_bst_remove
0x0000000080240b34 _ioremap_type
0x0000000080240c84 rt_ioremap
0x0000000080240cc2 rt_ioremap_nocache
0x0000000080240d00 rt_ioremap_wt
0x0000000080240d3e rt_ioremap_cached
0x0000000080240d7c rt_iounmap
0x0000000080240db6 util_avl_next
0x0000000080240e40 util_avl_first
0x0000000080240e8e rt_hw_tlb_invalidate_all_local
0x0000000080240eb4 rt_hw_tlb_invalidate_aspace
0x0000000080240ee2 rt_hw_tlb_invalidate_page
0x0000000080240f14 rt_hw_tlb_invalidate_range
0x0000000080240f6a _init_lock
0x0000000080240fb6 rt_aspace_init
0x0000000080241044 rt_aspace_create
0x0000000080241130 rt_aspace_detach
0x000000008024121e rt_aspace_delete
0x0000000080241276 _do_named_map
0x0000000080241304 _do_page_fault
0x000000008024138a _varea_map_with_msg
0x00000000802415a8 _do_prefetch
0x000000008024168a _varea_install
0x0000000080241712 _varea_post_install
0x00000000802417aa _varea_uninstall
0x0000000080241872 _mm_aspace_map
0x00000000802419a4 _varea_create
0x00000000802419fc _not_in_range
0x0000000080241a86 _not_align
0x0000000080241ad8 _not_support
0x0000000080241b2a rt_aspace_map
0x0000000080241d1e rt_aspace_map_static
0x0000000080241e7e _mm_aspace_map_phy
0x00000000802420a6 rt_aspace_map_phy
0x000000008024214a rt_aspace_map_phy_static
0x00000000802421ee _aspace_unmap
0x00000000802422ac rt_aspace_unmap
0x0000000080242386 _lower
0x00000000802423be _align
0x00000000802423fe _ascending_search
0x000000008024251a _find_head_and_asc_search
0x0000000080242684 _find_free
0x00000000802427da rt_aspace_load_page
0x000000008024292a rt_varea_map_page
0x0000000080242a8c rt_varea_map_range
0x0000000080242bd6 rt_aspace_offload_page
0x0000000080242c06 rt_aspace_control
0x0000000080242cce rt_aspace_traversal
0x0000000080242da2 _dump
0x0000000080242e60 rt_aspace_print_all
0x0000000080242e9c _fetch_page
0x0000000080242f32 _read_fault
0x0000000080242fd4 _write_fault
0x0000000080243076 _exec_fault
0x0000000080243118 rt_aspace_fault_try_fix
0x000000008024323a rt_kmem_list
0x000000008024326c rt_kmem_pvoff
0x0000000080243298 rt_kmem_pvoff_set
0x00000000802432cc rt_kmem_map_phy
0x000000008024344e rt_kmem_v2p
0x000000008024348a get_name
0x00000000802434b8 rt_varea_pgmgr_insert
0x0000000080243530 rt_varea_pgmgr_pop_all
0x0000000080243596 rt_varea_pgmgr_pop
0x0000000080243624 on_page_fault
0x00000000802436b6 on_varea_open
0x00000000802436e4 on_varea_close
0x000000008024370a on_page_offload
0x000000008024374c get_name
0x000000008024377a hint_free
0x00000000802437da on_page_fault
0x0000000080243890 page_to_addr
0x00000000802438e0 addr_to_page
0x000000008024392c rt_hw_clz
0x0000000080243962 rt_hw_ctz
0x0000000080243998 rt_page_bits
0x0000000080243a16 rt_page_addr2page
0x0000000080243a56 rt_page_page2addr
0x0000000080243a8a _buddy_get
0x0000000080243aee _page_remove
0x0000000080243b6a _page_insert
0x0000000080243be6 _pages_ref_inc
0x0000000080243c88 _pages_ref_get
0x0000000080243d0c _pages_free
0x0000000080243eca _pages_alloc
0x0000000080243ffe _early_page_remove
0x00000000802440b6 _early_page_insert
0x00000000802441a4 _early_pages_alloc
0x00000000802442ee _get_page_list
0x0000000080244352 rt_page_ref_get
0x00000000802443b6 rt_page_ref_inc
0x0000000080244410 _flag_to_page_list
0x0000000080244468 _do_pages_alloc
0x0000000080244534 rt_pages_alloc
0x000000008024456e rt_pages_alloc_ext
0x00000000802445ae rt_pages_free
0x000000008024462c rt_page_list
0x00000000802447b0 rt_page_get_info
0x00000000802448c4 _install_page
0x0000000080244ae6 rt_page_init
0x0000000080244e8c _load_mpr_area
0x0000000080244f60 rt_page_install
0x0000000080245064 rt_page_cleanup
0x00000000802450a4 netconn_apimsg
0x0000000080245106 netconn_new_with_proto_and_callback
0x0000000080245264 netconn_delete
0x00000000802452de netconn_getaddr
0x00000000802453c4 netconn_bind
0x0000000080245464 netconn_connect
0x0000000080245504 netconn_disconnect
0x0000000080245578 netconn_listen_with_backlog
0x00000000802455f2 netconn_accept
0x0000000080245752 netconn_recv_data
0x00000000802459be netconn_recv_tcp_pbuf
0x0000000080245a34 netconn_recv
0x0000000080245b82 netconn_sendto
0x0000000080245bf4 netconn_send
0x0000000080245c74 netconn_write_partly
0x0000000080245de2 netconn_close_shutdown
0x0000000080245e70 netconn_close
0x0000000080245ea6 netconn_shutdown
0x0000000080245f1e netconn_join_leave_group
0x0000000080245fdc netconn_gethostbyname
0x00000000802460e2 recv_raw
0x0000000080246290 recv_udp
0x0000000080246478 recv_tcp
0x0000000080246622 poll_tcp
0x000000008024671e sent_tcp
0x000000008024681a err_tcp
0x0000000080246abc setup_tcp
0x0000000080246b3e accept_function
0x0000000080246ce6 pcb_new
0x0000000080246e7a lwip_netconn_do_newconn
0x0000000080246f06 netconn_alloc
0x0000000080247086 netconn_free
0x0000000080247152 netconn_drain
0x00000000802472b4 lwip_netconn_do_close_internal
0x0000000080247734 lwip_netconn_do_delconn
0x0000000080247a3a lwip_netconn_do_bind
0x0000000080247b9e lwip_netconn_do_connected
0x0000000080247d64 lwip_netconn_do_connect
0x0000000080248028 lwip_netconn_do_disconnect
0x00000000802480d4 lwip_netconn_do_listen
0x00000000802482e8 lwip_netconn_do_send
0x000000008024848e lwip_netconn_do_recv
0x0000000080248580 lwip_netconn_do_writemore
0x0000000080248a6e lwip_netconn_do_write
0x0000000080248c60 lwip_netconn_do_getaddr
0x0000000080248e60 lwip_netconn_do_close
0x000000008024904e lwip_netconn_do_join_leave_group
0x000000008024916a lwip_netconn_do_dns_found
0x00000000802491dc lwip_netconn_do_gethostbyname
0x0000000080249262 err_to_errno
0x00000000802492ca netbuf_new
0x000000008024931c netbuf_delete
0x000000008024937e netbuf_alloc
0x0000000080249450 netbuf_free
0x00000000802494c4 netbuf_ref
0x000000008024958e netbuf_chain
0x000000008024962c netbuf_data
0x00000000802496fe netbuf_next
0x000000008024977a netbuf_first
0x00000000802497d2 lwip_gethostbyname
0x00000000802498da lwip_gethostbyname_r
0x0000000080249a48 lwip_freeaddrinfo
0x0000000080249a98 lwip_getaddrinfo
0x0000000080249d66 netifapi_do_netif_add
0x0000000080249dd6 netifapi_do_netif_set_addr
0x0000000080249e2a netifapi_do_netif_common
0x0000000080249e8a netifapi_netif_add
0x0000000080249f56 netifapi_netif_set_addr
0x0000000080249ffe netifapi_netif_common
0x000000008024a064 rt_list_init
0x000000008024a0a0 rt_wqueue_init
0x000000008024a0fc lwip_socket_thread_init
0x000000008024a11e lwip_socket_thread_cleanup
0x000000008024a140 get_socket
0x000000008024a1c6 tryget_socket
0x000000008024a23e lwip_tryget_socket
0x000000008024a276 alloc_socket
0x000000008024a424 free_socket
0x000000008024a4b2 lwip_accept
0x000000008024a86c lwip_bind
0x000000008024a9da lwip_close
0x000000008024aae0 lwip_connect
0x000000008024ac76 lwip_listen
0x000000008024adbe lwip_recvfrom
0x000000008024b2a8 lwip_read
0x000000008024b2f4 lwip_recv
0x000000008024b34a lwip_send
0x000000008024b490 lwip_sendmsg
0x000000008024b976 lwip_sendto
0x000000008024bb88 lwip_socket
0x000000008024bcca lwip_write
0x000000008024bd14 lwip_writev
0x000000008024bd84 lwip_selscan
0x000000008024c090 lwip_select
0x000000008024c5e4 event_callback
0x000000008024c8d6 lwip_shutdown
0x000000008024ca7a lwip_getaddrname
0x000000008024cbda lwip_getpeername
0x000000008024cc24 lwip_getsockname
0x000000008024cc6e lwip_getsockopt
0x000000008024cd74 lwip_getsockopt_impl
0x000000008024d54a lwip_setsockopt
0x000000008024d650 lwip_setsockopt_impl
0x000000008024de3e lwip_ioctl
0x000000008024e066 lwip_fcntl
0x000000008024e21e lwip_socket_register_membership
0x000000008024e2e8 lwip_socket_unregister_membership
0x000000008024e3e0 lwip_socket_drop_registered_memberships
0x000000008024e4da tcpip_thread
0x000000008024e616 tcpip_inpkt
0x000000008024e6de tcpip_input
0x000000008024e74a tcpip_callback_with_block
0x000000008024e826 tcpip_send_msg_wait_sem
0x000000008024e87c tcpip_api_call
0x000000008024e8d6 tcpip_callbackmsg_new
0x000000008024e944 tcpip_callbackmsg_delete
0x000000008024e978 tcpip_trycallback
0x000000008024e9e0 tcpip_init
0x000000008024eaa2 pbuf_free_int
0x000000008024eadc pbuf_free_callback
0x000000008024eb1a mem_free_callback
0x000000008024eb58 ping_prepare_echo
0x000000008024eca8 lwip_ping_send
0x000000008024ed94 lwip_ping_recv
0x000000008024eea2 lwip_htons
0x000000008024eee4 lwip_htonl
0x000000008024ef5a lwip_strnstr
0x000000008024f00a lwip_stricmp
0x000000008024f0d6 lwip_strnicmp
0x000000008024f1b4 lwip_itoa
0x000000008024f2d2 dns_init
0x000000008024f2f4 dns_setserver
0x000000008024f3b6 dns_getserver
0x000000008024f40a dns_tmr
0x000000008024f434 dns_lookup
0x000000008024f504 dns_compare_name
0x000000008024f62c dns_skip_name
0x000000008024f714 dns_send
0x000000008024f9a4 dns_alloc_random_port
0x000000008024fa5a dns_alloc_pcb
0x000000008024fb8e dns_call_found
0x000000008024fe0c dns_create_txid
0x000000008024feb0 dns_check_entry
0x00000000802500c6 dns_check_entries
0x0000000080250116 dns_correct_response
0x00000000802501d2 dns_recv
0x000000008025054c dns_enqueue
0x00000000802508ea dns_gethostbyname
0x0000000080250938 dns_gethostbyname_addrtype
0x00000000802509f8 lwip_standard_chksum
0x0000000080250b5a inet_cksum_pseudo_base
0x0000000080250d00 inet_chksum_pseudo
0x0000000080250dfc ip_chksum_pseudo
0x0000000080250e56 inet_cksum_pseudo_partial_base
0x0000000080251068 inet_chksum_pseudo_partial
0x000000008025116c ip_chksum_pseudo_partial
0x00000000802511ce inet_chksum
0x0000000080251218 inet_chksum_pbuf
0x000000008025133a lwip_init
0x0000000080251388 dhcp_inc_pcb_refcount
0x000000008025149a dhcp_dec_pcb_refcount
0x0000000080251532 dhcp_handle_nak
0x0000000080251598 dhcp_check
0x0000000080251646 dhcp_handle_offer
0x00000000802516d8 dhcp_select
0x00000000802518d8 dhcp_coarse_tmr
0x00000000802519f4 dhcp_fine_tmr
0x0000000080251aaa dhcp_timeout
0x0000000080251baa dhcp_t1_timeout
0x0000000080251c70 dhcp_t2_timeout
0x0000000080251d46 dhcp_handle_ack
0x0000000080251f1e dhcp_set_struct
0x0000000080251fcc dhcp_cleanup
0x0000000080252034 dhcp_start
0x00000000802521a0 dhcp_inform
0x00000000802522b0 dhcp_network_changed
0x0000000080252342 dhcp_arp_reply
0x00000000802523ca dhcp_decline
0x0000000080252508 dhcp_discover
0x00000000802526b6 dhcp_bind
0x000000008025295e dhcp_renew
0x0000000080252b04 dhcp_rebind
0x0000000080252caa dhcp_reboot
0x0000000080252e68 dhcp_release
0x0000000080253006 dhcp_stop
0x00000000802530a6 dhcp_set_state
0x0000000080253102 dhcp_option
0x00000000802531d2 dhcp_option_byte
0x000000008025325e dhcp_option_short
0x000000008025332c dhcp_option_long
0x0000000080253462 dhcp_option_hostname
0x0000000080253574 dhcp_parse_reply
0x0000000080253cda dhcp_recv
0x0000000080253faa dhcp_create_msg
0x00000000802544e2 dhcp_delete_msg
0x000000008025459a dhcp_option_trailer
0x00000000802546c6 dhcp_supplied_address
0x0000000080254742 free_etharp_q
0x0000000080254808 etharp_free_entry
0x00000000802548a0 etharp_tmr
0x0000000080254acc etharp_find_entry
0x0000000080254efa etharp_update_arp_entry
0x00000000802550f0 etharp_cleanup_netif
0x0000000080255196 etharp_find_addr
0x0000000080255292 etharp_get_entry
0x00000000802553d8 etharp_input
0x00000000802555a2 etharp_output_to_arp_index
0x000000008025578a etharp_output
0x0000000080255a56 etharp_query
0x0000000080255eea etharp_raw
0x00000000802560c8 etharp_request_dst
0x000000008025612e etharp_request
0x0000000080256172 icmp_input
0x0000000080256600 icmp_dest_unreach
0x0000000080256644 icmp_send_response
0x000000008025681a igmp_init
0x0000000080256860 igmp_start
0x00000000802568e8 igmp_stop
0x0000000080256968 igmp_report_groups
0x00000000802569ca igmp_lookfor_group
0x0000000080256a28 igmp_lookup_group
0x0000000080256b62 igmp_remove_group
0x0000000080256bd8 igmp_input
0x0000000080256dee igmp_joingroup
0x0000000080256f04 igmp_joingroup_netif
0x0000000080257050 igmp_leavegroup
0x0000000080257168 igmp_leavegroup_netif
0x00000000802572be igmp_tmr
0x000000008025735a igmp_timeout
0x00000000802573c4 igmp_start_timer
0x000000008025743a igmp_delaying_member
0x00000000802574c6 igmp_ip_output_if
0x000000008025752e igmp_send
0x0000000080257778 ip4_set_default_multicast_netif
0x00000000802577ac ip4_route_src
0x0000000080257806 ip4_route
0x0000000080257970 ip4_input
0x0000000080257ea2 ip4_output_if
0x0000000080257f16 ip4_output_if_opt
0x0000000080257fbc ip4_output_if_src
0x0000000080258030 ip4_output_if_opt_src
0x00000000802586aa ip4_output
0x000000008025875e ip4_addr_isbroadcast_u32
0x0000000080258826 ip4_addr_netmask_valid
0x00000000802588c0 ipaddr_addr
0x0000000080258904 ip4addr_aton
0x0000000080258d48 ip4addr_ntoa
0x0000000080258d86 ip4addr_ntoa_r
0x0000000080258eea memp_overflow_check_element_overflow
0x0000000080258fde memp_overflow_check_element_underflow
0x00000000802590a8 memp_overflow_init_element
0x0000000080259112 memp_init_pool
0x00000000802591b8 memp_init
0x0000000080259218 do_memp_malloc_pool_fn
0x00000000802592ee memp_malloc_pool_fn
0x0000000080259362 memp_malloc_fn
0x00000000802593f2 do_memp_free_pool
0x0000000080259496 memp_free_pool
0x0000000080259500 memp_free
0x0000000080259580 netif_init
0x00000000802595a2 netif_input
0x00000000802595fe netif_add
0x0000000080259754 netif_set_addr
0x00000000802597e4 netif_remove
0x00000000802598f4 netif_find
0x000000008025999c netif_set_ipaddr
0x0000000080259a82 netif_set_gw
0x0000000080259ae4 netif_set_netmask
0x0000000080259b46 netif_set_default
0x0000000080259b7a netif_set_up
0x0000000080259c12 netif_issue_reports
0x0000000080259c92 netif_set_down
0x0000000080259d26 netif_set_status_callback
0x0000000080259d60 netif_set_link_up
0x0000000080259e00 netif_set_link_down
0x0000000080259e7c netif_set_link_callback
0x0000000080259eb6 pbuf_free_ooseq
0x0000000080259f38 pbuf_free_ooseq_callback
0x0000000080259f66 pbuf_pool_is_empty
0x0000000080259ffc pbuf_alloc
0x000000008025a51e pbuf_realloc
0x000000008025a74a pbuf_header_impl
0x000000008025a946 pbuf_header
0x000000008025a988 pbuf_header_force
0x000000008025a9ca pbuf_free
0x000000008025ab64 pbuf_clen
0x000000008025abae pbuf_ref
0x000000008025ac30 pbuf_cat
0x000000008025ad44 pbuf_chain
0x000000008025ad86 pbuf_dechain
0x000000008025ae9e pbuf_copy
0x000000008025b124 pbuf_copy_partial
0x000000008025b2a2 pbuf_skip_const
0x000000008025b332 pbuf_skip
0x000000008025b380 pbuf_take
0x000000008025b540 pbuf_take_at
0x000000008025b66a pbuf_coalesce
0x000000008025b712 pbuf_get_at
0x000000008025b76c pbuf_try_get_at
0x000000008025b7e4 pbuf_put_at
0x000000008025b862 pbuf_memcmp
0x000000008025b986 pbuf_memfind
0x000000008025ba4c pbuf_strstr
0x000000008025badc raw_input_match
0x000000008025bb5e raw_input
0x000000008025bcca raw_bind
0x000000008025bd1c raw_connect
0x000000008025bd6e raw_recv
0x000000008025bdb0 raw_sendto
0x000000008025bf68 raw_send
0x000000008025bfac raw_remove
0x000000008025c04e raw_new
0x000000008025c0dc raw_new_ip_type
0x000000008025c122 raw_netif_ip_addr_changed
0x000000008025c1a4 sys_msleep
0x000000008025c20e tcp_init
0x000000008025c230 tcp_tmr
0x000000008025c290 tcp_remove_listener
0x000000008025c2ec tcp_listen_closed
0x000000008025c39e tcp_close_shutdown
0x000000008025c650 tcp_close_shutdown_fin
0x000000008025c77c tcp_close
0x000000008025c7d8 tcp_shutdown
0x000000008025c8b8 tcp_abandon
0x000000008025caae tcp_abort
0x000000008025cae2 tcp_bind
0x000000008025cc9e tcp_accept_null
0x000000008025ccdc tcp_listen_with_backlog
0x000000008025cd1e tcp_listen_with_backlog_and_err
0x000000008025cf64 tcp_update_rcv_ann_wnd
0x000000008025d07a tcp_recved
0x000000008025d1a4 tcp_new_port
0x000000008025d280 tcp_connect
0x000000008025d5e4 tcp_slowtmr
0x000000008025de86 tcp_fasttmr
0x000000008025dfcc tcp_txnow
0x000000008025e030 tcp_process_refused_data
0x000000008025e162 tcp_segs_free
0x000000008025e1b0 tcp_seg_free
0x000000008025e1fe tcp_setprio
0x000000008025e236 tcp_seg_copy
0x000000008025e2a0 tcp_recv_null
0x000000008025e312 tcp_kill_prio
0x000000008025e3ec tcp_kill_state
0x000000008025e4da tcp_kill_timewait
0x000000008025e578 tcp_alloc
0x000000008025e734 tcp_new
0x000000008025e764 tcp_new_ip_type
0x000000008025e7a0 tcp_arg
0x000000008025e7da tcp_recv
0x000000008025e842 tcp_sent
0x000000008025e8aa tcp_err
0x000000008025e912 tcp_accept
0x000000008025e962 tcp_poll
0x000000008025e9d6 tcp_pcb_purge
0x000000008025ea92 tcp_pcb_remove
0x000000008025ebfc tcp_next_iss
0x000000008025ec44 tcp_eff_send_mss_impl
0x000000008025ece0 tcp_netif_ip_addr_changed_pcblist
0x000000008025ed56 tcp_netif_ip_addr_changed
0x000000008025ee0c tcp_debug_state_str
0x000000008025ee46 tcp_input
0x000000008025fc2a tcp_input_delayed_close
0x000000008025fcb2 tcp_listen_input
0x000000008025ff96 tcp_timewait_input
0x0000000080260100 tcp_process
0x0000000080260c90 tcp_oos_insert_segment
0x0000000080260ea6 tcp_receive
0x0000000080262b8e tcp_getoptbyte
0x0000000080262c6e tcp_parseopt
0x0000000080262dd6 tcp_trigger_input_pcb_close
0x0000000080262e18 tcp_output_alloc_header
0x00000000802630ec tcp_send_fin
0x00000000802631e0 tcp_create_segment
0x0000000080263458 tcp_pbuf_prealloc
0x00000000802635a8 tcp_write_checks
0x00000000802636f8 tcp_write
0x00000000802640f6 tcp_enqueue_flags
0x00000000802643b4 tcp_send_empty_ack
0x0000000080264522 tcp_output
0x0000000080264bc4 tcp_output_segment
0x0000000080264e9e tcp_rst
0x0000000080265188 tcp_rexmit_rto
0x0000000080265232 tcp_rexmit
0x0000000080265364 tcp_rexmit_fast
0x0000000080265486 tcp_keepalive
0x000000008026558e tcp_zero_window_probe
0x0000000080265812 tcpip_tcp_timer
0x000000008026587a tcp_timer_needed
0x00000000802658e2 cyclic_timer
0x0000000080265934 sys_timeouts_init
0x00000000802659be sys_timeout
0x0000000080265bd8 sys_untimeout
0x0000000080265cae sys_check_timeouts
0x0000000080265dc0 sys_restart_timeouts
0x0000000080265dfa sys_timeouts_sleeptime
0x0000000080265e7a sys_timeouts_mbox_fetch
0x0000000080265ef8 udp_init
0x0000000080265f1a udp_new_port
0x0000000080265fcc udp_input_local_match
0x0000000080266088 udp_input
0x000000008026639c udp_send
0x00000000802663f6 udp_sendto
0x00000000802664bc udp_sendto_if
0x0000000080266574 udp_sendto_if_src
0x000000008026688c udp_bind
0x00000000802669f8 udp_connect
0x0000000080266afe udp_disconnect
0x0000000080266b4a udp_recv
0x0000000080266b8c udp_remove
0x0000000080266c2e udp_new
0x0000000080266c96 udp_new_ip_type
0x0000000080266cce udp_netif_ip_addr_changed
0x0000000080266d50 ethernet_input
0x0000000080266f20 ethernet_output
0x000000008026701a lwip_netdev_set_up
0x0000000080267052 lwip_netdev_set_down
0x000000008026708a lwip_netdev_set_addr_info
0x0000000080267130 lwip_netdev_set_dns_server
0x0000000080267174 lwip_netdev_set_dhcp
0x00000000802671dc lwip_netdev_ping
0x000000008026746a lwip_netdev_netstat
0x000000008026749c lwip_netdev_set_default
0x00000000802674d4 netdev_flags_sync
0x0000000080267604 netdev_add
0x000000008026771a netdev_del
0x0000000080267796 ethernetif_linkoutput
0x0000000080267824 eth_netif_device_init
0x000000008026791a eth_device_init_with_flag
0x0000000080267a98 eth_device_init
0x0000000080267aec eth_device_deinit
0x0000000080267b64 eth_device_ready
0x0000000080267bc6 eth_device_linkchange
0x0000000080267c64 eth_tx_thread_entry
0x0000000080267d12 eth_rx_thread_entry
0x0000000080267e34 eth_system_device_init
0x0000000080267e58 eth_system_device_init_private
0x0000000080268004 set_if
0x000000008026811c set_dns
0x0000000080268174 list_if
0x00000000802683e2 list_tcps
0x0000000080268612 list_udps
0x00000000802686ea tcpip_init_done_callback
0x000000008026871c lwip_system_init
0x0000000080268808 sys_init
0x000000008026882a lwip_sys_init
0x0000000080268854 sys_sem_new
0x0000000080268944 sys_sem_free
0x00000000802689be sys_sem_signal
0x00000000802689f4 sys_arch_sem_wait
0x0000000080268b14 sys_sem_valid
0x0000000080268b50 sys_sem_set_invalid
0x0000000080268b7e sys_mutex_new
0x0000000080268c5e sys_mutex_lock
0x0000000080268cda sys_mutex_unlock
0x0000000080268d10 sys_mutex_free
0x0000000080268d8a sys_mutex_valid
0x0000000080268dc6 sys_mutex_set_invalid
0x0000000080268df4 sys_mbox_new
0x0000000080268ee0 sys_mbox_free
0x0000000080268f5a sys_mbox_post
0x0000000080268fe0 sys_mbox_trypost
0x000000008026902a sys_arch_mbox_fetch
0x0000000080269142 sys_arch_mbox_tryfetch
0x00000000802691aa sys_mbox_valid
0x00000000802691e6 sys_mbox_set_invalid
0x0000000080269214 sys_thread_new
0x00000000802692e2 sys_arch_protect
0x0000000080269316 sys_arch_unprotect
0x000000008026934c sys_arch_assert
0x00000000802693b4 sys_jiffies
0x00000000802693e2 sys_now
0x0000000080269410 mem_init
0x0000000080269432 mem_calloc
0x0000000080269478 mem_trim
0x00000000802694a8 mem_malloc
0x00000000802694e0 mem_free
0x0000000080269512 mem_overflow_check_raw
0x0000000080269544 mem_overflow_init_raw
0x000000008026956e lwip_ip4_route_src
0x000000008026960e rt_slist_init
0x000000008026963c rt_slist_append
0x0000000080269694 rt_slist_remove
0x0000000080269702 rt_slist_next
0x000000008026972e netdev_register
0x000000008026993a netdev_unregister
0x0000000080269a90 netdev_set_register_callback
0x0000000080269ac4 netdev_get_first_by_flags
0x0000000080269b6c netdev_get_by_ipaddr
0x0000000080269c0e netdev_get_by_name
0x0000000080269ce2 netdev_get_by_family
0x0000000080269e1c netdev_family_get
0x0000000080269e6c netdev_set_default
0x0000000080269efa netdev_set_default_change_callback
0x0000000080269f2e netdev_set_up
0x0000000080269fdc netdev_set_down
0x000000008026a08a netdev_dhcp_enabled
0x000000008026a156 netdev_set_ipaddr
0x000000008026a262 netdev_set_netmask
0x000000008026a36e netdev_set_gw
0x000000008026a47a netdev_set_dns_server
0x000000008026a58a netdev_set_status_callback
0x000000008026a5fe netdev_set_addr_callback
0x000000008026a672 netdev_low_level_set_ipaddr
0x000000008026a726 netdev_low_level_set_netmask
0x000000008026a7ec netdev_low_level_set_gw
0x000000008026a8b2 netdev_low_level_set_dns_server
0x000000008026a984 netdev_auto_change_default
0x000000008026aa18 netdev_low_level_set_status
0x000000008026aad0 netdev_low_level_set_link_status
0x000000008026abd4 netdev_low_level_set_internet_status
0x000000008026ac8e netdev_low_level_set_dhcp_status
0x000000008026ad48 netdev_list_if
0x000000008026b0e8 netdev_dhcp_open
0x000000008026b148 netdev_dhcp_close
0x000000008026b1a8 netdev_set_if
0x000000008026b27e netdev_ifconfig
0x000000008026b3a8 netdev_cmd_ping
0x000000008026b68a netdev_ping
0x000000008026b726 netdev_list_dns
0x000000008026b822 netdev_set_dns
0x000000008026b8be netdev_dns
0x000000008026b980 netdev_cmd_netstat
0x000000008026ba34 netdev_netstat
0x000000008026ba86 netdev_ip4addr_aton
0x000000008026bf06 netdev_ip4addr_ntoa_r
0x000000008026c06a netdev_ip4addr_ntoa
0x000000008026c0a8 netdev_ipaddr_addr
0x000000008026c0ec netdev_inet_ntop
0x000000008026c16c netdev_inet_pton
0x000000008026c1ce dfs_net_getsocket
0x000000008026c23e dfs_net_ioctl
0x000000008026c2ce dfs_net_read
0x000000008026c35e dfs_net_write
0x000000008026c3ee dfs_net_close
0x000000008026c44c dfs_net_poll
0x000000008026c488 dfs_net_get_fops
0x000000008026c4b2 rt_list_init
0x000000008026c4ee rt_wqueue_init
0x000000008026c54a rt_poll_add
0x000000008026c59c event_callback
0x000000008026c794 inet_socket
0x000000008026c826 inet_accept
0x000000008026c89c inet_getsockname
0x000000008026c8e4 inet_ioctlsocket
0x000000008026c970 inet_poll
0x000000008026ca50 sal_lwip_netdev_set_pf_info
0x000000008026caa8 gethostbyname
0x000000008026cadc gethostbyname_r
0x000000008026cb38 freeaddrinfo
0x000000008026cb6a getaddrinfo
0x000000008026cbb6 rt_list_init
0x000000008026cbf2 accept
0x000000008026cd6a bind
0x000000008026cdc8 shutdown
0x000000008026ce76 getpeername
0x000000008026cece getsockname
0x000000008026cf26 getsockopt
0x000000008026cf92 setsockopt
0x000000008026d000 connect
0x000000008026d05e listen
0x000000008026d0b4 recv
0x000000008026d11a recvfrom
0x000000008026d18a send
0x000000008026d1f0 sendto
0x000000008026d264 socket
0x000000008026d3c6 closesocket
0x000000008026d48e ioctlsocket
0x000000008026d4e6 sal_init
0x000000008026d5d8 check_netdev_internet_up_work
0x000000008026d8e0 sal_check_netdev_internet_up
0x000000008026d992 sal_get_socket
0x000000008026da32 sal_lock
0x000000008026da88 sal_unlock
0x000000008026daba sal_netdev_cleanup
0x000000008026db6e socket_init
0x000000008026dcdc socket_alloc
0x000000008026de6c socket_free
0x000000008026deca socket_new
0x000000008026df6e socket_delete
0x000000008026e020 sal_accept
0x000000008026e1a4 sal_sockaddr_to_ipaddr
0x000000008026e1e2 sal_bind
0x000000008026e364 sal_shutdown
0x000000008026e3fc sal_getpeername
0x000000008026e480 sal_getsockname
0x000000008026e504 sal_getsockopt
0x000000008026e59c sal_setsockopt
0x000000008026e636 sal_connect
0x000000008026e6de sal_listen
0x000000008026e760 sal_recvfrom
0x000000008026e816 sal_sendto
0x000000008026e8d0 sal_socket
0x000000008026ea0a sal_closesocket
0x000000008026ea9e sal_ioctlsocket
0x000000008026ec66 sal_poll
0x000000008026ecfc sal_gethostbyname
0x000000008026edc4 sal_gethostbyname_r
0x000000008026eecc sal_getaddrinfo
0x000000008026f060 sal_freeaddrinfo
0x000000008026f20c _log_param
0x000000008026f56a ftrace_arch_trace_syscall
0x000000008026fc8a event_ring_create
0x000000008026ff32 event_ring_delete
0x00000000802706ea event_ring_count
0x0000000080270798 event_ring_for_each_buffer_lock
0x000000008027084a alloc_buffer
0x00000000802709de _test_buffer
0x0000000080270aa0 _test_ringbuf
0x0000000080270f0c event_ring_count
0x0000000080270fba event_ring_switch_buffer_lock
0x0000000080271066 ftrace_consumer_session_refresh
0x00000000802711b6 ftrace_consumer_session_count_event
0x0000000080271240 ftrace_consumer_session_count_drops
0x00000000802712da ftrace_session_detach
0x0000000080271300 ftrace_init
0x0000000080271330 _cleanup_function_tracer
0x0000000080271356 _setup_function_tracer
0x0000000080271384 _function_tracer_read
0x00000000802713ba _cleanup_fgraph_tracer
0x0000000080271440 _setup_fgraph_tracer
0x000000008027161e _fgraph_tracer_mmap
0x0000000080271702 _fgraph_tracer_read
0x00000000802717c2 _setup_session
0x0000000080271814 ftrace_open
0x00000000802718b4 ftrace_close
0x000000008027194e ftrace_read
0x00000000802719e4 ftrace_write
0x0000000080271a8a ftrace_mmap
0x0000000080271b0a ftrace_control
0x0000000080271bc8 ftrace_device_init
0x0000000080271cae ftrace_tracer_detach
0x0000000080271cd4 ftrace_consumer_session_init
0x0000000080271d58 ftrace_consumer_session_detach
0x0000000080272336 event_ring_for_each_buffer_lock
0x000000008027246a ftrace_function_tracer_create
0x0000000080272522 ftrace_function_tracer_delete
0x00000000802725da ftrace_function_create_cons_session
0x0000000080272662 ftrace_function_delete_cons_session
0x0000000080272726 ftrace_tracer_detach
0x000000008027274c ftrace_consumer_session_init
0x00000000802727d0 ftrace_consumer_session_detach
0x0000000080272dae event_ring_for_each_buffer_lock
0x0000000080273050 ftrace_graph_tracer_create
0x000000008027319a ftrace_graph_tracer_delete
0x0000000080273286 ftrace_graph_create_cons_session
0x000000008027334a ftrace_graph_delete_cons_session
0x00000000802733d4 _debug_dump
0x00000000802735aa ftrace_entries_for_each
0x000000008027363e _syscall_tracer_init
0x00000000802736a4 _get_custom_session
0x000000008027371e _app_test
0x00000000802737aa syscall_trace_start
0x0000000080273854 syscall_trace_stop
0x0000000080273890 rt_list_init
0x00000000802738cc rt_list_insert_after
0x0000000080273968 rt_hw_dmb
0x000000008027398e rt_hw_isb
0x00000000802739b4 ftrace_tracer_init
0x0000000080273a1c ftrace_tracer_create
0x0000000080273a9a ftrace_tracer_delete
0x0000000080273acc ftrace_session_init
0x0000000080273b5a ftrace_session_create
0x0000000080273ba2 ftrace_session_delete
0x0000000080273bd4 ftrace_session_bind
0x0000000080273cae _set_trace
0x0000000080273d3e ftrace_session_set_trace
0x0000000080273e3a _is_notrace
0x0000000080273ece _set_session_in_entires
0x0000000080273f4a _compare_address_asc
0x0000000080273f86 ftrace_session_set_except
0x0000000080273ffa ftrace_session_register
0x0000000080274066 ftrace_session_unregister
0x00000000802742c2 ftrace_trace_host_setup
0x0000000080274386 ftrace_tracer_alloc_buffer
0x00000000802743ec ftrace_tracer_free_buffer
0x000000008027475a _dump_all_symbols_offasc
0x0000000080274902 _debug_dump
0x0000000080274bce ftrace_vice_stack_init
0x0000000080274c58 rotate_right
0x0000000080274cf0 midmount_right
0x0000000080274dc4 rotate_left
0x0000000080274e5c midmount_left
0x0000000080274f30 util_avl_rebalance
0x0000000080275160 util_avl_remove
0x0000000080275322 resource_id_init
0x000000008027537c resource_id_get
0x0000000080275442 resource_id_put
0x00000000802754c4 utest_log_lv_set
0x0000000080275514 utest_init
0x000000008027563c utest_tc_list
0x0000000080275708 file_basename
0x000000008027578e utest_help
0x00000000802758be utest_run
0x0000000080275ef8 utest_testcase_run
0x00000000802760f2 utest_handle_get
0x000000008027611c utest_unit_run
0x000000008027617a utest_assert
0x0000000080276288 utest_assert_string
0x0000000080276380 utest_assert_buf
0x0000000080276486 ftrace_session_detach
0x00000000802764bc _get_custom_session
0x0000000080276568 _delete_custom_session
0x00000000802765de _report_thread_buffer
0x00000000802766e2 thread_consumer
0x000000008027677c _report_func_buffer
0x00000000802767ea func_consumer
0x0000000080276908 _app_test
0x000000008027698a _fgraph_stop
0x00000000802769c0 _tester
0x0000000080276b76 _debug_ftrace
0x0000000080276c42 ftrace_session_detach
0x0000000080276c9c _app_test
0x0000000080276da0 _get_stopwatch
0x0000000080276de6 _get_custom_session
0x0000000080276ed6 _delete_custom_session
0x0000000080276f30 _summary_test
0x0000000080276fd4 _debug_ftrace
0x00000000802770ec ftrace_session_detach
0x0000000080277112 _get_custom_session
0x000000008027747c _delete_custom_session
0x00000000802774f2 _testee
0x0000000080277514 thread_consumer
0x00000000802775dc func_consumer
0x00000000802776fa _tester
0x0000000080277b18 _summary_test
0x0000000080277caa _test_api
0x0000000080277db6 utest_tc_init
0x0000000080277dda utest_tc_cleanup
0x0000000080277dfe testcase
0x0000000080277e3a _test_tracee
0x0000000080278062 test_set_trace_api
0x0000000080278322 test_vice_stack
0x00000000802783ec test_api
0x000000008027841a utest_tc_init
0x000000008027843e utest_tc_cleanup
0x0000000080278462 testcase
0x000000008027849e test_ksymtbl_find_by_address
0x00000000802785ca utest_tc_init
0x00000000802785ee utest_tc_cleanup
0x0000000080278612 testcase
0x000000008027864e rt_hw_atomic_exchange
0x000000008027868c rt_hw_atomic_add
0x00000000802786ca rt_hw_atomic_sub
0x0000000080278714 rt_hw_atomic_xor
0x0000000080278752 rt_hw_atomic_and
0x0000000080278790 rt_hw_atomic_or
0x00000000802787ce rt_hw_atomic_load
0x0000000080278804 rt_hw_atomic_store
0x000000008027883e rt_hw_atomic_flag_test_and_set
0x000000008027887e rt_hw_atomic_flag_clear
0x00000000802788b0 rt_hw_atomic_compare_exchange_strong
0x0000000080278926 rt_hw_backtrace
0x0000000080278aa0 _assert_backtrace_cb
0x0000000080278afa rt_hw_backtrace_init
0x0000000080278b2e backtrace_test
0x0000000080278c54 _get_elf_name
0x0000000080278ca4 rt_hw_cpu_icache_ops
0x0000000080278cf8 rt_hw_cpu_dcache_ops
0x0000000080278d5e rt_hw_cpu_icache_status_local
0x0000000080278d82 rt_hw_cpu_dcache_status
0x0000000080278da6 rt_hw_sync_cache_local
0x0000000080278ef0 sbi_call
0x0000000080278f7c sbi_shutdown
0x0000000080278fb4 _rt_hw_stack_init
0x00000000802790f8 rt_hw_stack_init
0x0000000080279198 rt_hw_context_switch_interrupt
0x00000000802791fe rt_hw_cpu_shutdown
0x0000000080279236 rt_hw_set_process_id
0x0000000080279274 rt_hw_interrupt_handle
0x00000000802792b8 rt_hw_plic_irq_enable
0x00000000802792f0 rt_hw_plic_irq_disable
0x0000000080279328 rt_hw_interrupt_umask
0x000000008027936a rt_hw_interrupt_install
0x00000000802793fe rt_hw_interrupt_init
0x00000000802796d6 rt_hw_tlb_invalidate_all_local
0x00000000802796fc rt_hw_aspace_switch
0x000000008027975e rt_hw_mmu_tbl_get
0x000000008027978a _map_one_page
0x00000000802799d0 rt_hw_mmu_map
0x0000000080279ada _unmap_pte
0x0000000080279ba6 _unmap_area
0x0000000080279d00 rt_hw_mmu_unmap
0x0000000080279da6 _init_region
0x0000000080279e10 rt_hw_mmu_map_init
0x0000000080279f0e _get_level_size
0x0000000080279f58 _query
0x000000008027a0d6 rt_hw_mmu_v2p
0x000000008027a166 _noncache
0x000000008027a18e _cache
0x000000008027a1b6 rt_hw_mmu_control
0x000000008027a2ce rt_hw_mmu_setup
0x000000008027a406 __raw_hartid
0x000000008027a434 __raw_writel
0x000000008027a46c plic_set_priority
0x000000008027a4b8 plic_irq_enable
0x000000008027a55e plic_irq_disable
0x000000008027a5f2 plic_set_threshold
0x000000008027a64c plic_claim
0x000000008027a6a4 plic_complete
0x000000008027a700 plic_set_ie
0x000000008027a76a _set_sie
0x000000008027a7ca plic_init
0x000000008027a84c mmu_enable_user_page_access
0x000000008027a87a mmu_disable_user_page_access
0x000000008027a8a8 sbi_call
0x000000008027a934 sbi_probe_extension
0x000000008027a982 sbi_console_putchar
0x000000008027a9c2 sbi_get_spec_version
0x000000008027aa20 sbi_get_impl_id
0x000000008027aa7e sbi_get_impl_version
0x000000008027aadc sbi_print_version
0x000000008027ac7c sbi_set_timer
0x000000008027ad0e sbi_send_ipi
0x000000008027ada2 sbi_remote_fence_i
0x000000008027ae36 sbi_remote_sfence_vma
0x000000008027aed0 sbi_remote_sfence_vma_asid
0x000000008027af7c sbi_hsm_hart_start
0x000000008027afe8 sbi_hsm_hart_stop
0x000000008027b026 sbi_hsm_hart_status
0x000000008027b08a sbi_init
0x000000008027b17c rt_hw_console_output
0x000000008027b1cc init_bss
0x000000008027b21e syscall_handler
0x000000008027b324 get_ticks
0x000000008027b35e tick_isr
0x000000008027b3a6 rt_hw_tick_init
0x000000008027b414 dump_regs
0x000000008027b7f0 get_exception_msg
0x000000008027b84c handle_user
0x000000008027ba52 handle_nested_trap_panic
0x000000008027bb0c handle_trap
0x000000008027bd4a rt_tick_sethook
0x000000008027bd7e rt_tick_get
0x000000008027bdac rt_tick_set
0x000000008027bdf6 rt_tick_increase
0x000000008027beb6 rt_tick_from_millisecond
0x000000008027bf4e rt_tick_get_millisecond
0x000000008027bf8c rti_start
0x000000008027bfb0 rti_board_start
0x000000008027bfd4 rti_board_end
0x000000008027bff8 rti_end
0x000000008027c01c rt_components_board_init
0x000000008027c074 rt_components_init
0x000000008027c0cc entry
0x000000008027c0f8 main_thread_entry
0x000000008027c12a rt_application_init
0x000000008027c196 rtthread_startup
0x000000008027c1e6 rt_list_init
0x000000008027c222 rt_wqueue_init
0x000000008027c27e rt_device_register
0x000000008027c310 rt_device_unregister
0x000000008027c3b6 rt_device_find
0x000000008027c3ec rt_device_create
0x000000008027c476 rt_device_destroy
0x000000008027c522 rt_device_init
0x000000008027c5d6 rt_device_open
0x000000008027c7b8 rt_device_close
0x000000008027c89a rt_device_read
0x000000008027c95e rt_device_write
0x000000008027ca22 rt_device_control
0x000000008027cac8 rt_device_set_rx_indicate
0x000000008027cb4c rt_device_set_tx_complete
0x000000008027cbd0 rt_list_insert_after
0x000000008027cc26 rt_list_remove
0x000000008027cc7e rt_thread_idle_sethook
0x000000008027cd0c rt_thread_idle_delhook
0x000000008027cd9e rt_thread_defunct_enqueue
0x000000008027cdde rt_thread_defunct_dequeue
0x000000008027ce52 rt_defunct_execute
0x000000008027ceee idle_thread_entry
0x000000008027cf50 rt_thread_idle_init
0x000000008027d006 rt_thread_idle_gethandler
0x000000008027d042 rt_list_init
0x000000008027d07e rt_list_insert_after
0x000000008027d0d4 rt_list_insert_before
0x000000008027d12a rt_list_remove
0x000000008027d182 rt_list_isempty
0x000000008027d1c0 _ipc_object_init
0x000000008027d1fa _ipc_list_suspend
0x000000008027d324 _ipc_list_resume
0x000000008027d36e _ipc_list_resume_all
0x000000008027d3d6 rt_sem_init
0x000000008027d4c0 rt_sem_detach
0x000000008027d574 rt_sem_create
0x000000008027d68c rt_sem_delete
0x000000008027d784 _rt_sem_take
0x000000008027d9e6 rt_sem_take
0x000000008027da28 rt_sem_take_interruptible
0x000000008027da6a rt_sem_take_killable
0x000000008027daac rt_sem_trytake
0x000000008027dae2 rt_sem_release
0x000000008027dbfe rt_sem_control
0x000000008027dccc _mutex_update_priority
0x000000008027dd3a _thread_get_mutex_priority
0x000000008027ddf4 _thread_update_priority
0x000000008027def8 rt_mutex_init
0x000000008027dfa2 rt_mutex_detach
0x000000008027e078 rt_mutex_drop_thread
0x000000008027e154 rt_mutex_setprioceiling
0x000000008027e21a rt_mutex_getprioceiling
0x000000008027e25c rt_mutex_create
0x000000008027e334 rt_mutex_delete
0x000000008027e44e _rt_mutex_take
0x000000008027e86c rt_mutex_take
0x000000008027e8ae rt_mutex_take_interruptible
0x000000008027e8f0 rt_mutex_take_killable
0x000000008027e932 rt_mutex_trytake
0x000000008027e968 rt_mutex_release
0x000000008027ec14 rt_mutex_control
0x000000008027ec94 rt_event_init
0x000000008027ed46 rt_event_detach
0x000000008027edfa rt_event_create
0x000000008027eeda rt_event_delete
0x000000008027efd2 rt_event_send
0x000000008027f1d4 _rt_event_recv
0x000000008027f554 rt_event_recv
0x000000008027f5b0 rt_event_recv_interruptible
0x000000008027f60c rt_event_recv_killable
0x000000008027f668 rt_event_control
0x000000008027f728 rt_mb_init
0x000000008027f820 rt_mb_detach
0x000000008027f8e8 rt_mb_create
0x000000008027fa2e rt_mb_delete
0x000000008027fb48 _rt_mb_send_wait
0x000000008027fecc rt_mb_send_wait
0x000000008027ff16 rt_mb_send_wait_interruptible
0x000000008027ff60 rt_mb_send_wait_killable
0x000000008027ffaa rt_mb_send
0x000000008027ffe8 rt_mb_send_interruptible
0x0000000080280026 rt_mb_send_killable
0x0000000080280064 rt_mb_urgent
0x00000000802801d0 _rt_mb_recv
0x000000008028056a rt_mb_recv
0x00000000802805b4 rt_mb_recv_interruptibale
0x00000000802805fe rt_mb_recv_killable
0x0000000080280648 rt_mb_control
0x0000000080280726 rt_mq_init
0x00000000802808ae rt_mq_detach
0x0000000080280976 rt_mq_create
0x0000000080280b3e rt_mq_delete
0x0000000080280c58 _rt_mq_send_wait
0x0000000080281040 rt_mq_send_wait
0x0000000080281092 rt_mq_send_wait_interruptible
0x00000000802810e4 rt_mq_send_wait_killable
0x0000000080281136 rt_mq_send
0x000000008028117c rt_mq_send_interrupt
0x00000000802811c2 rt_mq_send_killable
0x0000000080281208 rt_mq_urgent
0x00000000802813ec _rt_mq_recv
0x00000000802817f0 rt_mq_recv
0x0000000080281842 rt_mq_recv_interruptible
0x0000000080281894 rt_mq_recv_killable
0x00000000802818e6 rt_mq_control
0x0000000080281a00 rt_interrupt_enter_sethook
0x0000000080281a34 rt_interrupt_leave_sethook
0x0000000080281a68 rt_interrupt_enter
0x0000000080281ad8 rt_interrupt_leave
0x0000000080281b6a rt_hw_us_delay
0x0000000080281ba2 rt_hw_cpu_arch
0x0000000080281bcc rt_strerror
0x0000000080281c2e rt_get_errno
0x0000000080281c90 rt_set_errno
0x0000000080281d04 _rt_errno
0x0000000080281d60 rt_memset
0x0000000080281eac rt_memcpy
0x000000008028201e rt_memmove
0x00000000802820fe rt_memcmp
0x000000008028219c rt_strnlen
0x0000000080282206 rt_strdup
0x000000008028226a rt_show_version
0x00000000802822d6 divide
0x000000008028232c skip_atoi
0x00000000802823b0 print_number
0x00000000802828ee rt_vsnprintf
0x00000000802830a4 rt_snprintf
0x000000008028311c rt_vsprintf
0x0000000080283162 rt_sprintf
0x00000000802831d4 rt_console_get_device
0x0000000080283200 rt_console_set_device
0x000000008028329e rt_console_set_device
0x00000000802832c4 rt_kputs
0x0000000080283332 rt_kprintf
0x000000008028340c rt_malloc_sethook
0x0000000080283440 rt_free_sethook
0x0000000080283474 _heap_lock_init
0x00000000802834b0 rt_heap_lock
0x00000000802834f2 _heap_unlock
0x000000008028354e _slab_info
0x00000000802835c4 rt_system_heap_init
0x000000008028365a rt_malloc
0x00000000802836d0 rt_realloc
0x000000008028372e rt_calloc
0x0000000080283794 rt_free
0x0000000080283806 rt_memory_info
0x0000000080283858 rt_page_alloc
0x00000000802838ae rt_page_free
0x0000000080283904 rt_malloc_align
0x00000000802839f4 rt_free_align
0x0000000080283a3e __rt_ffs
0x0000000080283b2e rt_assert_set_hook
0x0000000080283b62 rt_assert_handler
0x0000000080283be6 rt_list_init
0x0000000080283c22 rt_list_insert_after
0x0000000080283c78 rt_list_isempty
0x0000000080283cb6 rt_mp_alloc_sethook
0x0000000080283cea rt_mp_free_sethook
0x0000000080283d1e rt_mp_init
0x0000000080283ec6 rt_mp_detach
0x0000000080283fae rt_mp_create
0x0000000080284184 rt_mp_delete
0x00000000802842bc rt_mp_alloc
0x00000000802844ba rt_mp_free
0x0000000080284594 rt_list_insert_after
0x00000000802845ea rt_list_remove
0x0000000080284642 rt_object_attach_sethook
0x0000000080284676 rt_object_detach_sethook
0x00000000802846aa rt_object_trytake_sethook
0x00000000802846de rt_object_take_sethook
0x0000000080284712 rt_object_put_sethook
0x0000000080284746 rt_object_get_information
0x00000000802847be rt_object_get_length
0x0000000080284850 rt_object_get_pointers
0x000000008028492e rt_object_init
0x0000000080284a58 rt_object_detach
0x0000000080284ae2 rt_object_allocate
0x0000000080284c1e rt_object_delete
0x0000000080284cdc rt_object_is_systemobject
0x0000000080284d3e rt_object_get_type
0x0000000080284d96 rt_object_find
0x0000000080284e8c rt_custom_object_create
0x0000000080284ef2 rt_custom_object_destroy
0x0000000080284f68 rt_list_init
0x0000000080284fa4 rt_list_insert_after
0x0000000080284ffa rt_list_insert_before
0x0000000080285050 rt_list_remove
0x00000000802850a8 rt_list_isempty
0x00000000802850e6 rt_scheduler_sethook
0x000000008028511a rt_scheduler_switch_sethook
0x000000008028514e _scheduler_stack_check
0x000000008028522a _scheduler_get_highest_priority_thread
0x0000000080285298 rt_system_scheduler_init
0x000000008028531c rt_system_scheduler_start
0x000000008028537e rt_schedule
0x0000000080285678 rt_schedule_insert_thread
0x00000000802857ca rt_schedule_remove_thread
0x000000008028587a rt_enter_critical
0x00000000802858aa rt_exit_critical
0x0000000080285926 rt_critical_level
0x0000000080285966 rt_slist_init
0x0000000080285994 rt_slist_append
0x00000000802859ec _signal_default_handler
0x0000000080285a14 _signal_entry
0x0000000080285a84 _signal_deliver
0x0000000080285bce rt_signal_install
0x0000000080285cb8 rt_signal_mask
0x0000000080285d22 rt_signal_unmask
0x0000000080285da8 rt_signal_wait
0x0000000080286062 rt_thread_handle_sig
0x00000000802861b6 rt_thread_alloc_sig
0x0000000080286258 rt_thread_free_sig
0x0000000080286302 rt_thread_kill
0x00000000802864ec rt_system_signal_init
0x000000008028657c rt_slab_page_alloc
0x0000000080286646 rt_slab_page_free
0x0000000080286846 rt_slab_page_init
0x00000000802868ce rt_slab_init
0x0000000080286af0 rt_slab_detach
0x0000000080286b9e zoneindex
0x0000000080286d88 rt_slab_alloc
0x0000000080287216 rt_slab_realloc
0x00000000802873ea rt_slab_free
0x00000000802876d8 rt_list_init
0x0000000080287714 rt_list_remove
0x000000008028776c rt_thread_suspend_sethook
0x00000000802877a0 rt_thread_resume_sethook
0x00000000802877d4 rt_thread_inited_sethook
0x0000000080287808 _thread_exit
0x0000000080287872 _thread_timeout
0x0000000080287946 _thread_init
0x0000000080287b8e rt_thread_init
0x0000000080287c68 rt_thread_startup
0x0000000080287d3c rt_thread_detach
0x0000000080287e72 rt_thread_create
0x0000000080287f20 rt_thread_delete
0x0000000080288056 rt_thread_yield
0x00000000802880be rt_thread_sleep
0x0000000080288292 rt_thread_delay
0x00000000802882ca rt_thread_delay_until
0x000000008028842e rt_thread_mdelay
0x0000000080288476 rt_thread_control
0x0000000080288604 rt_thread_set_suspend_state
0x00000000802886f2 rt_thread_suspend_with_flag
0x0000000080288862 rt_thread_suspend
0x0000000080288898 rt_thread_resume
0x0000000080288978 rt_thread_wakeup
0x0000000080288a3a rt_thread_wakeup_set
0x0000000080288ad8 rt_thread_find
0x0000000080288b0e rt_list_init
0x0000000080288b4a rt_list_insert_after
0x0000000080288ba0 rt_list_remove
0x0000000080288bf8 rt_list_isempty
0x0000000080288c36 rt_timer_enter_sethook
0x0000000080288c6a rt_timer_exit_sethook
0x0000000080288c9e _timer_init
0x0000000080288d54 _timer_list_next_timeout
0x0000000080288dc6 _timer_remove
0x0000000080288e20 rt_timer_init
0x0000000080288ef8 rt_timer_detach
0x0000000080288fcc rt_timer_create
0x000000008028908a rt_timer_delete
0x000000008028915e rt_timer_start
0x0000000080289478 rt_timer_stop
0x0000000080289556 rt_timer_control
0x00000000802896fa rt_timer_check
0x000000008028987c rt_timer_next_timeout_tick
0x00000000802898be rt_soft_timer_check
0x0000000080289a58 _timer_thread_entry
0x0000000080289ae6 rt_system_timer_init
0x0000000080289b3c rt_system_timer_thread_init
0x0000000080289c04 _app_test
0x0000000080289c8e main
0x0000000080289cc2 mnt_init
0x0000000080289d42 sbi_call
0x0000000080289dce sbi_shutdown
0x0000000080289e06 primary_cpu_entry
0x0000000080289e34 rt_hw_board_init
0x0000000080289efc rt_hw_cpu_reset
0x0000000080289f1e __raw_writeb
0x0000000080289f58 __raw_readb
0x0000000080289f8e uart_init
0x000000008028a030 _uart_configure
0x000000008028a064 _uart_control
0x000000008028a140 _uart_putc
0x000000008028a1aa _uart_getc
0x000000008028a21c rt_hw_uart_isr
0x000000008028a272 rt_hw_uart_init
0x000000008028a3d2 uart_debug_init
0x000000008028a3fa rt_virtio_devices_init
